<?xml version="1.0" encoding="utf-8"?><testsuites name="pytest tests"><testsuite name="pytest" errors="1" failures="149" skipped="3" tests="820" time="985.553" timestamp="2026-09-11T15:36:21.052001-06:00" hostname="LAPTOP-9AUM7IBI"><testcase classname="tests.architecture.test_address_autocomplete_selects_click" name="test_address_click_selection_updates_value_coords_and_verified" time="0.010"><failure message="ModuleNotFoundError: No module named 'modulos'">def test_address_click_selection_updates_value_coords_and_verified() -&gt; None:
        try:
            from PyQt5.QtWidgets import QApplication, QListWidgetItem
        except ImportError as exc:
            pytest.skip(f"PyQt runtime unavailable: {exc}")
    
&gt;       from modulos.components.address_autocomplete_input import AddressAutocompleteInput
E       ModuleNotFoundError: No module named 'modulos'

tests\architecture\test_address_autocomplete_selects_click.py:14: ModuleNotFoundError</failure></testcase><testcase classname="tests.architecture.test_address_uses_geocoding_service" name="test_configuracion_uses_async_address_autocomplete_component" time="0.003"><failure message="FileNotFoundError: [Errno 2] No such file or directory: 'C:\\Users\\Diego Rodriguez\\Downloads\\pos_spj_v13.4\\pos_spj_v13.4\\modulos\\configuracion.py'">def test_configuracion_uses_async_address_autocomplete_component() -&gt; None:
&gt;       content = CONFIGURATION_MODULE.read_text(encoding="utf-8")
                  ^^^^^^^^^^^^^^^^^^^^^^^^^^^^^^^^^^^^^^^^^^^^^^^^

tests\architecture\test_address_uses_geocoding_service.py:10: 
_ _ _ _ _ _ _ _ _ _ _ _ _ _ _ _ _ _ _ _ _ _ _ _ _ _ _ _ _ _ _ _ _ _ _ _ _ _ _ _
..\..\..\AppData\Local\Programs\Python\Python313\Lib\pathlib\_local.py:546: in read_text
    return PathBase.read_text(self, encoding, errors, newline)
           ^^^^^^^^^^^^^^^^^^^^^^^^^^^^^^^^^^^^^^^^^^^^^^^^^^^
..\..\..\AppData\Local\Programs\Python\Python313\Lib\pathlib\_abc.py:632: in read_text
    with self.open(mode='r', encoding=encoding, errors=errors, newline=newline) as f:
         ^^^^^^^^^^^^^^^^^^^^^^^^^^^^^^^^^^^^^^^^^^^^^^^^^^^^^^^^^^^^^^^^^^^^^^
_ _ _ _ _ _ _ _ _ _ _ _ _ _ _ _ _ _ _ _ _ _ _ _ _ _ _ _ _ _ _ _ _ _ _ _ _ _ _ _

self = WindowsPath('C:/Users/Diego Rodriguez/Downloads/pos_spj_v13.4/pos_spj_v13.4/modulos/configuracion.py')
mode = 'r', buffering = -1, encoding = 'utf-8', errors = None, newline = None

    def open(self, mode='r', buffering=-1, encoding=None,
             errors=None, newline=None):
        """
        Open the file pointed to by this path and return a file object, as
        the built-in open() function does.
        """
        if "b" not in mode:
            encoding = io.text_encoding(encoding)
&gt;       return io.open(self, mode, buffering, encoding, errors, newline)
               ^^^^^^^^^^^^^^^^^^^^^^^^^^^^^^^^^^^^^^^^^^^^^^^^^^^^^^^^^
E       FileNotFoundError: [Errno 2] No such file or directory: 'C:\\Users\\Diego Rodriguez\\Downloads\\pos_spj_v13.4\\pos_spj_v13.4\\modulos\\configuracion.py'

..\..\..\AppData\Local\Programs\Python\Python313\Lib\pathlib\_local.py:537: FileNotFoundError</failure></testcase><testcase classname="tests.architecture.test_analytical_alerting_never_imports_notification_infra_directly" name="test_analytical_alerting_domain_and_application_never_import_notification_infra" time="3.481" /><testcase classname="tests.architecture.test_analytics_permissions_are_granular" name="test_analytics_reuses_the_canonical_inteligencia_bi_module_key" time="0.006" /><testcase classname="tests.architecture.test_analytics_permissions_are_granular" name="test_inteligencia_bi_catalog_entry_grew_past_the_old_flat_stub" time="0.001" /><testcase classname="tests.architecture.test_analytics_permissions_are_granular" name="test_analytics_domain_never_imports_legacy_forecast_engines" time="2.099" /><testcase classname="tests.architecture.test_app_container_inventory_canonical_route" name="test_app_container_uses_only_canonical_inventory_route" time="0.002"><failure message="FileNotFoundError: [Errno 2] No such file or directory: 'C:\\Users\\Diego Rodriguez\\Downloads\\pos_spj_v13.4\\pos_spj_v13.4\\core\\app_container.py'">def test_app_container_uses_only_canonical_inventory_route():
&gt;       source = APP_CONTAINER.read_text(encoding="utf-8")
                 ^^^^^^^^^^^^^^^^^^^^^^^^^^^^^^^^^^^^^^^^^

tests\architecture\test_app_container_inventory_canonical_route.py:9: 
_ _ _ _ _ _ _ _ _ _ _ _ _ _ _ _ _ _ _ _ _ _ _ _ _ _ _ _ _ _ _ _ _ _ _ _ _ _ _ _
..\..\..\AppData\Local\Programs\Python\Python313\Lib\pathlib\_local.py:546: in read_text
    return PathBase.read_text(self, encoding, errors, newline)
           ^^^^^^^^^^^^^^^^^^^^^^^^^^^^^^^^^^^^^^^^^^^^^^^^^^^
..\..\..\AppData\Local\Programs\Python\Python313\Lib\pathlib\_abc.py:632: in read_text
    with self.open(mode='r', encoding=encoding, errors=errors, newline=newline) as f:
         ^^^^^^^^^^^^^^^^^^^^^^^^^^^^^^^^^^^^^^^^^^^^^^^^^^^^^^^^^^^^^^^^^^^^^^
_ _ _ _ _ _ _ _ _ _ _ _ _ _ _ _ _ _ _ _ _ _ _ _ _ _ _ _ _ _ _ _ _ _ _ _ _ _ _ _

self = WindowsPath('C:/Users/Diego Rodriguez/Downloads/pos_spj_v13.4/pos_spj_v13.4/core/app_container.py')
mode = 'r', buffering = -1, encoding = 'utf-8', errors = None, newline = None

    def open(self, mode='r', buffering=-1, encoding=None,
             errors=None, newline=None):
        """
        Open the file pointed to by this path and return a file object, as
        the built-in open() function does.
        """
        if "b" not in mode:
            encoding = io.text_encoding(encoding)
&gt;       return io.open(self, mode, buffering, encoding, errors, newline)
               ^^^^^^^^^^^^^^^^^^^^^^^^^^^^^^^^^^^^^^^^^^^^^^^^^^^^^^^^^
E       FileNotFoundError: [Errno 2] No such file or directory: 'C:\\Users\\Diego Rodriguez\\Downloads\\pos_spj_v13.4\\pos_spj_v13.4\\core\\app_container.py'

..\..\..\AppData\Local\Programs\Python\Python313\Lib\pathlib\_local.py:537: FileNotFoundError</failure></testcase><testcase classname="tests.architecture.test_app_container_inventory_canonical_route" name="test_inventory_ui_is_read_only_over_canonical_presenter" time="0.002"><failure message="FileNotFoundError: [Errno 2] No such file or directory: 'C:\\Users\\Diego Rodriguez\\Downloads\\pos_spj_v13.4\\pos_spj_v13.4\\modulos\\inventario_enterprise.py'">def test_inventory_ui_is_read_only_over_canonical_presenter():
        # INV-27 corte: la UI legacy (inventario_local) fue eliminada. La UI enterprise
        # (inventario_enterprise) es solo lectura vía InventoryPresenter: sin motor
        # legacy, sin SQL directo, sin productos.existencia.
        # SHELL-16: la composición del presenter se extrajo a
        # frontend/desktop/modules/inventory/composition.py — este archivo ahora
        # delega vía build_inventory_presenter() en lugar de importar
        # InventoryPresenter directamente, así que el proxy de "delega en el
        # presenter" se actualiza para seguir esa misma delegación real.
&gt;       source = INVENTORY_UI.read_text(encoding="utf-8")
                 ^^^^^^^^^^^^^^^^^^^^^^^^^^^^^^^^^^^^^^^^

tests\architecture\test_app_container_inventory_canonical_route.py:33: 
_ _ _ _ _ _ _ _ _ _ _ _ _ _ _ _ _ _ _ _ _ _ _ _ _ _ _ _ _ _ _ _ _ _ _ _ _ _ _ _
..\..\..\AppData\Local\Programs\Python\Python313\Lib\pathlib\_local.py:546: in read_text
    return PathBase.read_text(self, encoding, errors, newline)
           ^^^^^^^^^^^^^^^^^^^^^^^^^^^^^^^^^^^^^^^^^^^^^^^^^^^
..\..\..\AppData\Local\Programs\Python\Python313\Lib\pathlib\_abc.py:632: in read_text
    with self.open(mode='r', encoding=encoding, errors=errors, newline=newline) as f:
         ^^^^^^^^^^^^^^^^^^^^^^^^^^^^^^^^^^^^^^^^^^^^^^^^^^^^^^^^^^^^^^^^^^^^^^
_ _ _ _ _ _ _ _ _ _ _ _ _ _ _ _ _ _ _ _ _ _ _ _ _ _ _ _ _ _ _ _ _ _ _ _ _ _ _ _

self = WindowsPath('C:/Users/Diego Rodriguez/Downloads/pos_spj_v13.4/pos_spj_v13.4/modulos/inventario_enterprise.py')
mode = 'r', buffering = -1, encoding = 'utf-8', errors = None, newline = None

    def open(self, mode='r', buffering=-1, encoding=None,
             errors=None, newline=None):
        """
        Open the file pointed to by this path and return a file object, as
        the built-in open() function does.
        """
        if "b" not in mode:
            encoding = io.text_encoding(encoding)
&gt;       return io.open(self, mode, buffering, encoding, errors, newline)
               ^^^^^^^^^^^^^^^^^^^^^^^^^^^^^^^^^^^^^^^^^^^^^^^^^^^^^^^^^
E       FileNotFoundError: [Errno 2] No such file or directory: 'C:\\Users\\Diego Rodriguez\\Downloads\\pos_spj_v13.4\\pos_spj_v13.4\\modulos\\inventario_enterprise.py'

..\..\..\AppData\Local\Programs\Python\Python313\Lib\pathlib\_local.py:537: FileNotFoundError</failure></testcase><testcase classname="tests.architecture.test_asset_permissions_are_granular" name="test_asset_permissions_are_granular" time="0.002" /><testcase classname="tests.architecture.test_asset_permissions_are_granular" name="test_every_asset_permission_is_activos_prefixed_string" time="0.006" /><testcase classname="tests.architecture.test_asset_permissions_are_granular" name="test_asset_permissions_never_grant_journal_or_treasury_actions" time="0.001" /><testcase classname="tests.architecture.test_asset_routes_are_registered" name="test_asset_routes_are_registered" time="0.120" /><testcase classname="tests.architecture.test_asset_scopes_are_enforced" name="test_asset_scope_levels_cover_master_prompt_vocabulary" time="0.004" /><testcase classname="tests.architecture.test_asset_scopes_are_enforced" name="test_asset_data_scope_is_immutable_value_object" time="0.006" /><testcase classname="tests.architecture.test_assets_do_not_execute_treasury_payments" name="test_assets_do_not_execute_treasury_payments" time="2.865" /><testcase classname="tests.architecture.test_assets_do_not_own_financial_depreciation" name="test_assets_do_not_own_financial_depreciation" time="0.086" /><testcase classname="tests.architecture.test_assets_do_not_post_journal_entries" name="test_assets_do_not_post_journal_entries" time="0.194" /><testcase classname="tests.architecture.test_assets_have_no_emoji_icons" name="test_assets_ui_has_no_emoji_icons" time="0.014" /><testcase classname="tests.architecture.test_assets_have_no_hardcoded_colors" name="test_assets_ui_has_no_hardcoded_hex_colors" time="0.041" /><testcase classname="tests.architecture.test_assets_have_no_inline_styles" name="test_assets_ui_has_no_inline_stylesheets" time="0.024" /><testcase classname="tests.architecture.test_assets_have_no_integer_identity" name="test_assets_entities_have_no_integer_id_fields" time="0.327" /><testcase classname="tests.architecture.test_assets_have_no_legacy_imports" name="test_assets_module_does_not_import_legacy_or_orphaned_code" time="0.038" /><testcase classname="tests.architecture.test_assets_have_no_qtablewidget" name="test_assets_ui_does_not_use_raw_pyqt_widgets_with_canonical_equivalents" time="0.012" /><testcase classname="tests.architecture.test_assets_legacy_allowlist_is_empty" name="test_assets_module_allowlist_is_empty" time="0.010" /><testcase classname="tests.architecture.test_assets_legacy_allowlist_is_empty" name="test_assets_module_allowlist_entries_are_under_canonical_roots" time="0.002" /><testcase classname="tests.architecture.test_assets_maintenance_does_not_write_finance" name="test_assets_maintenance_code_does_not_write_finance" time="0.039" /><testcase classname="tests.architecture.test_assets_parts_do_not_write_inventory" name="test_assets_do_not_write_inventory_stock" time="0.370" /><testcase classname="tests.architecture.test_assets_ui_does_not_receive_app_container" name="test_assets_ui_does_not_receive_app_container" time="0.198" /><testcase classname="tests.architecture.test_assets_ui_has_no_repositories" name="test_assets_ui_has_no_repositories" time="0.030" /><testcase classname="tests.architecture.test_assets_ui_has_no_sql" name="test_assets_ui_has_no_sql" time="0.036" /><testcase classname="tests.architecture.test_assets_use_decimal" name="test_assets_code_has_no_float_usage" time="0.320" /><testcase classname="tests.architecture.test_assets_use_decimal" name="test_assets_schema_has_no_real_columns" time="0.003" /><testcase classname="tests.architecture.test_assets_use_design_system" name="test_assets_ui_does_not_use_legacy_component_libraries" time="0.035" /><testcase classname="tests.architecture.test_assets_use_design_system" name="test_assets_ui_files_exist_check_is_meaningful" time="0.002" /><testcase classname="tests.architecture.test_assets_use_uuidv7" name="test_assets_schema_has_no_integer_identity" time="0.007"><skipped type="pytest.skip" message="assets_schema.py no existe aún — persistencia llega en una fase posterior">C:\Users\Diego Rodriguez\Downloads\pos_spj_v13.4\pos_spj_v13.4\tests\architecture\test_assets_use_uuidv7.py:35: assets_schema.py no existe aún — persistencia llega en una fase posterior</skipped></testcase><testcase classname="tests.architecture.test_assets_use_uuidv7" name="test_assets_code_has_no_integer_identity_patterns" time="0.118" /><testcase classname="tests.architecture.test_assets_use_uuidv7" name="test_assets_code_does_not_use_uuid4" time="0.052" /><testcase classname="tests.architecture.test_bi_no_sql_in_ui" name="test_bi_ui_has_no_sql" time="1.440" /><testcase classname="tests.architecture.test_bi_no_sql_in_ui" name="test_bi_ui_has_no_commit_rollback" time="0.019" /><testcase classname="tests.architecture.test_bi_query_services_exist" name="test_bi_query_services_importables" time="0.147" /><testcase classname="tests.architecture.test_bi_query_services_exist" name="test_dashboard_service_expone_build_dashboard" time="0.001" /><testcase classname="tests.architecture.test_bi_query_services_exist" name="test_dto_payload_contract" time="0.001" /><testcase classname="tests.architecture.test_bi_single_forecasting_platform_ratchet" name="test_no_new_forecast_engine_was_added_outside_the_frozen_allowlist" time="185.489" /><testcase classname="tests.architecture.test_bi_single_forecasting_platform_ratchet" name="test_allowlist_entries_still_exist_or_were_intentionally_retired" time="33.129"><failure message="AssertionError: Allowlist entries no longer found in the codebase: ['core/forecast/demand_forecast_engine.py::DemandForecastEngine', 'core/forecast/replenishment_engine.py::ReplenishmentEngine', 'core/forecast/safety_stock_calculator.py::SafetyStockCalculator', 'core/forecast/seasonality_detector.py::SeasonalityDetector', 'core/services/actionable_forecast.py::ActionableForecastService', 'core/services/enterprise/demand_forecasting.py::DemandForecastingEngine', 'core/services/forecast_engine.py::ForecastEngine', 'core/services/forecast_service.py::ForecastService']. Remove them from _ALLOWLIST as part of the change that retired them.&#10;assert not frozenset({'core/forecast/demand_forecast_engine.py::DemandForecastEngine', 'core/forecast/replenishment_engine.py::Re...recast.py::ActionableForecastService', 'core/services/enterprise/demand_forecasting.py::DemandForecastingEngine', ...})">def test_allowlist_entries_still_exist_or_were_intentionally_retired():
        """Sanity check: every allowlisted hit should still resolve today. If one
        disappears because the file was deleted/renamed during a later BI phase,
        remove it from `_ALLOWLIST` in the same change — don't leave stale
        entries masking a real removal."""
        current = _current_engine_classes()
        stale = _ALLOWLIST - current
&gt;       assert not stale, (
            f"Allowlist entries no longer found in the codebase: {sorted(stale)}. "
            "Remove them from _ALLOWLIST as part of the change that retired them."
        )
E       AssertionError: Allowlist entries no longer found in the codebase: ['core/forecast/demand_forecast_engine.py::DemandForecastEngine', 'core/forecast/replenishment_engine.py::ReplenishmentEngine', 'core/forecast/safety_stock_calculator.py::SafetyStockCalculator', 'core/forecast/seasonality_detector.py::SeasonalityDetector', 'core/services/actionable_forecast.py::ActionableForecastService', 'core/services/enterprise/demand_forecasting.py::DemandForecastingEngine', 'core/services/forecast_engine.py::ForecastEngine', 'core/services/forecast_service.py::ForecastService']. Remove them from _ALLOWLIST as part of the change that retired them.
E       assert not frozenset({'core/forecast/demand_forecast_engine.py::DemandForecastEngine', 'core/forecast/replenishment_engine.py::Re...recast.py::ActionableForecastService', 'core/services/enterprise/demand_forecasting.py::DemandForecastingEngine', ...})

tests\architecture\test_bi_single_forecasting_platform_ratchet.py:108: AssertionError</failure></testcase><testcase classname="tests.architecture.test_blind_count_ui_and_privacy.BlindCountUiAndPrivacyTests" name="test_expected_is_revealed_only_by_query_service_permission" time="0.003" /><testcase classname="tests.architecture.test_blind_count_ui_and_privacy.BlindCountUiAndPrivacyTests" name="test_ui_actions_are_wired_to_presenter_use_cases" time="0.007" /><testcase classname="tests.architecture.test_blind_count_ui_and_privacy.BlindCountUiAndPrivacyTests" name="test_ui_uses_canonical_components_and_has_no_sql" time="0.003" /><testcase classname="tests.architecture.test_business_intelligence_responsive_touch_accessibility" name="test_every_real_page_declares_an_accessible_name_and_description" time="1.132" /><testcase classname="tests.architecture.test_business_intelligence_responsive_touch_accessibility" name="test_no_raw_qpushbutton_construction_outside_the_canonical_factories" time="0.077" /><testcase classname="tests.architecture.test_business_intelligence_responsive_touch_accessibility" name="test_no_fixed_size_widgets_outside_the_documented_collapsed_sidebar_rail" time="0.045" /><testcase classname="tests.architecture.test_business_intelligence_ui_foundations" name="test_view_uses_sidebar_and_stack_not_horizontal_tabs" time="0.005" /><testcase classname="tests.architecture.test_business_intelligence_ui_foundations" name="test_pages_do_not_access_database_or_repositories" time="0.030" /><testcase classname="tests.architecture.test_business_intelligence_ui_foundations" name="test_no_legacy_design_system_imports_or_inline_styles" time="0.025" /><testcase classname="tests.architecture.test_business_intelligence_ui_foundations" name="test_no_emoji_icons_in_module_source" time="0.022" /><testcase classname="tests.architecture.test_business_intelligence_ui_foundations" name="test_nav_entries_use_registered_analytics_permissions" time="0.003" /><testcase classname="tests.architecture.test_business_intelligence_ui_foundations" name="test_module_not_yet_wired_into_main_window" time="0.004"><failure message="FileNotFoundError: [Errno 2] No such file or directory: 'C:\\Users\\Diego Rodriguez\\Downloads\\pos_spj_v13.4\\pos_spj_v13.4\\interfaz\\main_window.py'">def test_module_not_yet_wired_into_main_window():
        """Documents the deliberate coexistence decision (see the module's own
        __init__.py docstring) — if this ever starts failing because someone
        wired it in, that's a real cutover decision that needs its own review,
        not something that should happen as an incidental side effect."""
&gt;       source = (ROOT / "interfaz/main_window.py").read_text(encoding="utf-8")
                 ^^^^^^^^^^^^^^^^^^^^^^^^^^^^^^^^^^^^^^^^^^^^^^^^^^^^^^^^^^^^^^

tests\architecture\test_business_intelligence_ui_foundations.py:71: 
_ _ _ _ _ _ _ _ _ _ _ _ _ _ _ _ _ _ _ _ _ _ _ _ _ _ _ _ _ _ _ _ _ _ _ _ _ _ _ _
..\..\..\AppData\Local\Programs\Python\Python313\Lib\pathlib\_local.py:546: in read_text
    return PathBase.read_text(self, encoding, errors, newline)
           ^^^^^^^^^^^^^^^^^^^^^^^^^^^^^^^^^^^^^^^^^^^^^^^^^^^
..\..\..\AppData\Local\Programs\Python\Python313\Lib\pathlib\_abc.py:632: in read_text
    with self.open(mode='r', encoding=encoding, errors=errors, newline=newline) as f:
         ^^^^^^^^^^^^^^^^^^^^^^^^^^^^^^^^^^^^^^^^^^^^^^^^^^^^^^^^^^^^^^^^^^^^^^
_ _ _ _ _ _ _ _ _ _ _ _ _ _ _ _ _ _ _ _ _ _ _ _ _ _ _ _ _ _ _ _ _ _ _ _ _ _ _ _

self = WindowsPath('C:/Users/Diego Rodriguez/Downloads/pos_spj_v13.4/pos_spj_v13.4/interfaz/main_window.py')
mode = 'r', buffering = -1, encoding = 'utf-8', errors = None, newline = None

    def open(self, mode='r', buffering=-1, encoding=None,
             errors=None, newline=None):
        """
        Open the file pointed to by this path and return a file object, as
        the built-in open() function does.
        """
        if "b" not in mode:
            encoding = io.text_encoding(encoding)
&gt;       return io.open(self, mode, buffering, encoding, errors, newline)
               ^^^^^^^^^^^^^^^^^^^^^^^^^^^^^^^^^^^^^^^^^^^^^^^^^^^^^^^^^
E       FileNotFoundError: [Errno 2] No such file or directory: 'C:\\Users\\Diego Rodriguez\\Downloads\\pos_spj_v13.4\\pos_spj_v13.4\\interfaz\\main_window.py'

..\..\..\AppData\Local\Programs\Python\Python313\Lib\pathlib\_local.py:537: FileNotFoundError</failure></testcase><testcase classname="tests.architecture.test_caja_canonical_route" name="test_legacy_caja_module_was_removed" time="0.002" /><testcase classname="tests.architecture.test_caja_canonical_route" name="test_main_window_uses_cash_register_workspace" time="0.002"><failure message="FileNotFoundError: [Errno 2] No such file or directory: 'C:\\Users\\Diego Rodriguez\\Downloads\\pos_spj_v13.4\\pos_spj_v13.4\\interfaz\\main_window.py'">def test_main_window_uses_cash_register_workspace():
&gt;       src = (REPO / "interfaz" / "main_window.py").read_text(encoding="utf-8")
              ^^^^^^^^^^^^^^^^^^^^^^^^^^^^^^^^^^^^^^^^^^^^^^^^^^^^^^^^^^^^^^^^^^

tests\architecture\test_caja_canonical_route.py:16: 
_ _ _ _ _ _ _ _ _ _ _ _ _ _ _ _ _ _ _ _ _ _ _ _ _ _ _ _ _ _ _ _ _ _ _ _ _ _ _ _
..\..\..\AppData\Local\Programs\Python\Python313\Lib\pathlib\_local.py:546: in read_text
    return PathBase.read_text(self, encoding, errors, newline)
           ^^^^^^^^^^^^^^^^^^^^^^^^^^^^^^^^^^^^^^^^^^^^^^^^^^^
..\..\..\AppData\Local\Programs\Python\Python313\Lib\pathlib\_abc.py:632: in read_text
    with self.open(mode='r', encoding=encoding, errors=errors, newline=newline) as f:
         ^^^^^^^^^^^^^^^^^^^^^^^^^^^^^^^^^^^^^^^^^^^^^^^^^^^^^^^^^^^^^^^^^^^^^^
_ _ _ _ _ _ _ _ _ _ _ _ _ _ _ _ _ _ _ _ _ _ _ _ _ _ _ _ _ _ _ _ _ _ _ _ _ _ _ _

self = WindowsPath('C:/Users/Diego Rodriguez/Downloads/pos_spj_v13.4/pos_spj_v13.4/interfaz/main_window.py')
mode = 'r', buffering = -1, encoding = 'utf-8', errors = None, newline = None

    def open(self, mode='r', buffering=-1, encoding=None,
             errors=None, newline=None):
        """
        Open the file pointed to by this path and return a file object, as
        the built-in open() function does.
        """
        if "b" not in mode:
            encoding = io.text_encoding(encoding)
&gt;       return io.open(self, mode, buffering, encoding, errors, newline)
               ^^^^^^^^^^^^^^^^^^^^^^^^^^^^^^^^^^^^^^^^^^^^^^^^^^^^^^^^^
E       FileNotFoundError: [Errno 2] No such file or directory: 'C:\\Users\\Diego Rodriguez\\Downloads\\pos_spj_v13.4\\pos_spj_v13.4\\interfaz\\main_window.py'

..\..\..\AppData\Local\Programs\Python\Python313\Lib\pathlib\_local.py:537: FileNotFoundError</failure></testcase><testcase classname="tests.architecture.test_caja_canonical_route" name="test_cash_workspace_uses_canonical_pages_and_no_sql" time="0.002" /><testcase classname="tests.architecture.test_caja_canonical_route" name="test_cash_register_service_is_sole_cash_event_emitter" time="0.002" /><testcase classname="tests.architecture.test_cash_app_container_born_clean_wiring.CashAppContainerBornCleanWiringTests" name="test_cash_factory_resolves_active_context_from_canonical_devices" time="0.003" /><testcase classname="tests.architecture.test_cash_app_container_born_clean_wiring.CashAppContainerBornCleanWiringTests" name="test_cash_limit_policy_uses_effective_dates_not_legacy_active_flag" time="0.002"><failure message="FileNotFoundError: [Errno 2] No such file or directory: 'C:\\Users\\Diego Rodriguez\\Downloads\\pos_spj_v13.4\\pos_spj_v13.4\\core\\app_container.py'">self = &lt;tests.architecture.test_cash_app_container_born_clean_wiring.CashAppContainerBornCleanWiringTests testMethod=test_cash_limit_policy_uses_effective_dates_not_legacy_active_flag&gt;

    def test_cash_limit_policy_uses_effective_dates_not_legacy_active_flag(self):
&gt;       source = (ROOT / "core/app_container.py").read_text(encoding="utf-8")
                 ^^^^^^^^^^^^^^^^^^^^^^^^^^^^^^^^^^^^^^^^^^^^^^^^^^^^^^^^^^^^

tests\architecture\test_cash_app_container_born_clean_wiring.py:10: 
_ _ _ _ _ _ _ _ _ _ _ _ _ _ _ _ _ _ _ _ _ _ _ _ _ _ _ _ _ _ _ _ _ _ _ _ _ _ _ _
..\..\..\AppData\Local\Programs\Python\Python313\Lib\pathlib\_local.py:546: in read_text
    return PathBase.read_text(self, encoding, errors, newline)
           ^^^^^^^^^^^^^^^^^^^^^^^^^^^^^^^^^^^^^^^^^^^^^^^^^^^
..\..\..\AppData\Local\Programs\Python\Python313\Lib\pathlib\_abc.py:632: in read_text
    with self.open(mode='r', encoding=encoding, errors=errors, newline=newline) as f:
         ^^^^^^^^^^^^^^^^^^^^^^^^^^^^^^^^^^^^^^^^^^^^^^^^^^^^^^^^^^^^^^^^^^^^^^
_ _ _ _ _ _ _ _ _ _ _ _ _ _ _ _ _ _ _ _ _ _ _ _ _ _ _ _ _ _ _ _ _ _ _ _ _ _ _ _

self = WindowsPath('C:/Users/Diego Rodriguez/Downloads/pos_spj_v13.4/pos_spj_v13.4/core/app_container.py')
mode = 'r', buffering = -1, encoding = 'utf-8', errors = None, newline = None

    def open(self, mode='r', buffering=-1, encoding=None,
             errors=None, newline=None):
        """
        Open the file pointed to by this path and return a file object, as
        the built-in open() function does.
        """
        if "b" not in mode:
            encoding = io.text_encoding(encoding)
&gt;       return io.open(self, mode, buffering, encoding, errors, newline)
               ^^^^^^^^^^^^^^^^^^^^^^^^^^^^^^^^^^^^^^^^^^^^^^^^^^^^^^^^^
E       FileNotFoundError: [Errno 2] No such file or directory: 'C:\\Users\\Diego Rodriguez\\Downloads\\pos_spj_v13.4\\pos_spj_v13.4\\core\\app_container.py'

..\..\..\AppData\Local\Programs\Python\Python313\Lib\pathlib\_local.py:537: FileNotFoundError</failure></testcase><testcase classname="tests.architecture.test_cash_commercial_instrument_boundary.CashCommercialInstrumentBoundaryTests" name="test_cash_classifies_but_does_not_own_instrument_balances" time="0.003" /><testcase classname="tests.architecture.test_cash_commercial_instrument_boundary.CashCommercialInstrumentBoundaryTests" name="test_commercial_instruments_are_never_drawer_affecting" time="0.019" /><testcase classname="tests.architecture.test_cash_difference_alert_boundary.CashDifferenceAlertBoundaryTests" name="test_recurrence_is_scoped_by_branch_and_responsible_user" time="0.006" /><testcase classname="tests.architecture.test_cash_difference_alert_boundary.CashDifferenceAlertBoundaryTests" name="test_whatsapp_is_requested_by_event_not_sent_directly" time="0.003" /><testcase classname="tests.architecture.test_cash_difference_ui_wiring.CashDifferenceUiWiringArchitectureTests" name="test_difference_factory_uses_canonical_use_cases" time="0.005" /><testcase classname="tests.architecture.test_cash_difference_ui_wiring.CashDifferenceUiWiringArchitectureTests" name="test_difference_page_is_real_and_wired_to_presenter" time="0.004" /><testcase classname="tests.architecture.test_cash_finance_treasury_boundary.CashFinanceTreasuryBoundaryTest" name="test_cash_application_never_imports_finance_or_writes_finance_tables" time="0.026" /><testcase classname="tests.architecture.test_cash_finance_treasury_boundary.CashFinanceTreasuryBoundaryTest" name="test_each_economic_effect_has_one_owner" time="0.003" /><testcase classname="tests.architecture.test_cash_finance_treasury_boundary.CashFinanceTreasuryBoundaryTest" name="test_finance_consumers_never_write_cash_tables" time="0.004" /><testcase classname="tests.architecture.test_cash_handover_treasury_boundary.CashHandoverTreasuryBoundaryTests" name="test_delivery_and_reception_are_distinct_confirmations" time="0.037" /><testcase classname="tests.architecture.test_cash_handover_treasury_boundary.CashHandoverTreasuryBoundaryTests" name="test_treasury_transfer_is_requested_only_after_matching_reception" time="0.003" /><testcase classname="tests.architecture.test_cash_handover_ui_wiring.CashHandoverUiWiringArchitectureTests" name="test_handover_factory_uses_canonical_use_cases" time="0.003" /><testcase classname="tests.architecture.test_cash_handover_ui_wiring.CashHandoverUiWiringArchitectureTests" name="test_handover_page_is_real_and_wired_to_presenter" time="0.031" /><testcase classname="tests.architecture.test_cash_hardware_boundary.CashHardwareBoundaryTest" name="test_hardware_failures_are_alerted_through_outbox" time="0.003" /><testcase classname="tests.architecture.test_cash_hardware_boundary.CashHardwareBoundaryTest" name="test_hardware_use_cases_do_not_import_vendor_drivers" time="0.009" /><testcase classname="tests.architecture.test_cash_hardware_boundary.CashHardwareBoundaryTest" name="test_vendor_protocols_are_confined_to_infrastructure" time="0.827" /><testcase classname="tests.architecture.test_cash_ledger_is_canonical.CashLedgerArchitectureTests" name="test_commands_do_not_depend_on_legacy_cash_or_finance" time="0.002" /><testcase classname="tests.architecture.test_cash_ledger_is_canonical.CashLedgerArchitectureTests" name="test_movement_contract_rejects_legacy_handover_alias" time="0.006" /><testcase classname="tests.architecture.test_cash_ledger_is_canonical.CashLedgerArchitectureTests" name="test_ui_is_thin_and_uses_canonical_components" time="0.003" /><testcase classname="tests.architecture.test_cash_ledger_ui_wiring.CashLedgerUiWiringArchitectureTests" name="test_cash_ledger_page_calls_presenter_commands_instead_of_orphan_signals" time="0.015" /><testcase classname="tests.architecture.test_cash_ledger_ui_wiring.CashLedgerUiWiringArchitectureTests" name="test_cash_ledger_page_is_real_even_without_active_shift" time="0.008" /><testcase classname="tests.architecture.test_cash_ledger_ui_wiring.CashLedgerUiWiringArchitectureTests" name="test_cash_ledger_page_prompts_hot_authorization_when_backend_requires_it" time="0.005" /><testcase classname="tests.architecture.test_cash_ledger_ui_wiring.CashLedgerUiWiringArchitectureTests" name="test_cash_movement_dialog_returns_decimal_not_float" time="0.003" /><testcase classname="tests.architecture.test_cash_ledger_ui_wiring.CashLedgerUiWiringArchitectureTests" name="test_cash_safe_drop_can_prepare_handover_with_denominations_from_ui" time="0.005" /><testcase classname="tests.architecture.test_cash_ledger_ui_wiring.CashLedgerUiWiringArchitectureTests" name="test_cash_safe_drop_uses_catalog_reason_code" time="0.004" /><testcase classname="tests.architecture.test_cash_legacy_removed.CashLegacyRemovedTests" name="test_app_container_does_not_construct_legacy_cash_services" time="0.004"><failure message="FileNotFoundError: [Errno 2] No such file or directory: 'C:\\Users\\Diego Rodriguez\\Downloads\\pos_spj_v13.4\\pos_spj_v13.4\\core\\app_container.py'">self = &lt;tests.architecture.test_cash_legacy_removed.CashLegacyRemovedTests testMethod=test_app_container_does_not_construct_legacy_cash_services&gt;

    def test_app_container_does_not_construct_legacy_cash_services(self):
&gt;       source = _read("core/app_container.py")
                 ^^^^^^^^^^^^^^^^^^^^^^^^^^^^^^

tests\architecture\test_cash_legacy_removed.py:32: 
_ _ _ _ _ _ _ _ _ _ _ _ _ _ _ _ _ _ _ _ _ _ _ _ _ _ _ _ _ _ _ _ _ _ _ _ _ _ _ _
tests\architecture\test_cash_legacy_removed.py:9: in _read
    return (ROOT / path).read_text(encoding="utf-8")
           ^^^^^^^^^^^^^^^^^^^^^^^^^^^^^^^^^^^^^^^^^
..\..\..\AppData\Local\Programs\Python\Python313\Lib\pathlib\_local.py:546: in read_text
    return PathBase.read_text(self, encoding, errors, newline)
           ^^^^^^^^^^^^^^^^^^^^^^^^^^^^^^^^^^^^^^^^^^^^^^^^^^^
..\..\..\AppData\Local\Programs\Python\Python313\Lib\pathlib\_abc.py:632: in read_text
    with self.open(mode='r', encoding=encoding, errors=errors, newline=newline) as f:
         ^^^^^^^^^^^^^^^^^^^^^^^^^^^^^^^^^^^^^^^^^^^^^^^^^^^^^^^^^^^^^^^^^^^^^^
_ _ _ _ _ _ _ _ _ _ _ _ _ _ _ _ _ _ _ _ _ _ _ _ _ _ _ _ _ _ _ _ _ _ _ _ _ _ _ _

self = WindowsPath('C:/Users/Diego Rodriguez/Downloads/pos_spj_v13.4/pos_spj_v13.4/core/app_container.py')
mode = 'r', buffering = -1, encoding = 'utf-8', errors = None, newline = None

    def open(self, mode='r', buffering=-1, encoding=None,
             errors=None, newline=None):
        """
        Open the file pointed to by this path and return a file object, as
        the built-in open() function does.
        """
        if "b" not in mode:
            encoding = io.text_encoding(encoding)
&gt;       return io.open(self, mode, buffering, encoding, errors, newline)
               ^^^^^^^^^^^^^^^^^^^^^^^^^^^^^^^^^^^^^^^^^^^^^^^^^^^^^^^^^
E       FileNotFoundError: [Errno 2] No such file or directory: 'C:\\Users\\Diego Rodriguez\\Downloads\\pos_spj_v13.4\\pos_spj_v13.4\\core\\app_container.py'

..\..\..\AppData\Local\Programs\Python\Python313\Lib\pathlib\_local.py:537: FileNotFoundError</failure></testcase><testcase classname="tests.architecture.test_cash_legacy_removed.CashLegacyRemovedTests" name="test_cash_legacy_events_have_no_runtime_bridge_or_constants" time="0.002"><failure message="FileNotFoundError: [Errno 2] No such file or directory: 'C:\\Users\\Diego Rodriguez\\Downloads\\pos_spj_v13.4\\pos_spj_v13.4\\core\\events\\event_bus.py'">self = &lt;tests.architecture.test_cash_legacy_removed.CashLegacyRemovedTests testMethod=test_cash_legacy_events_have_no_runtime_bridge_or_constants&gt;

    def test_cash_legacy_events_have_no_runtime_bridge_or_constants(self):
&gt;       event_bus = _read("core/events/event_bus.py")
                    ^^^^^^^^^^^^^^^^^^^^^^^^^^^^^^^^^

tests\architecture\test_cash_legacy_removed.py:45: 
_ _ _ _ _ _ _ _ _ _ _ _ _ _ _ _ _ _ _ _ _ _ _ _ _ _ _ _ _ _ _ _ _ _ _ _ _ _ _ _
tests\architecture\test_cash_legacy_removed.py:9: in _read
    return (ROOT / path).read_text(encoding="utf-8")
           ^^^^^^^^^^^^^^^^^^^^^^^^^^^^^^^^^^^^^^^^^
..\..\..\AppData\Local\Programs\Python\Python313\Lib\pathlib\_local.py:546: in read_text
    return PathBase.read_text(self, encoding, errors, newline)
           ^^^^^^^^^^^^^^^^^^^^^^^^^^^^^^^^^^^^^^^^^^^^^^^^^^^
..\..\..\AppData\Local\Programs\Python\Python313\Lib\pathlib\_abc.py:632: in read_text
    with self.open(mode='r', encoding=encoding, errors=errors, newline=newline) as f:
         ^^^^^^^^^^^^^^^^^^^^^^^^^^^^^^^^^^^^^^^^^^^^^^^^^^^^^^^^^^^^^^^^^^^^^^
_ _ _ _ _ _ _ _ _ _ _ _ _ _ _ _ _ _ _ _ _ _ _ _ _ _ _ _ _ _ _ _ _ _ _ _ _ _ _ _

self = WindowsPath('C:/Users/Diego Rodriguez/Downloads/pos_spj_v13.4/pos_spj_v13.4/core/events/event_bus.py')
mode = 'r', buffering = -1, encoding = 'utf-8', errors = None, newline = None

    def open(self, mode='r', buffering=-1, encoding=None,
             errors=None, newline=None):
        """
        Open the file pointed to by this path and return a file object, as
        the built-in open() function does.
        """
        if "b" not in mode:
            encoding = io.text_encoding(encoding)
&gt;       return io.open(self, mode, buffering, encoding, errors, newline)
               ^^^^^^^^^^^^^^^^^^^^^^^^^^^^^^^^^^^^^^^^^^^^^^^^^^^^^^^^^
E       FileNotFoundError: [Errno 2] No such file or directory: 'C:\\Users\\Diego Rodriguez\\Downloads\\pos_spj_v13.4\\pos_spj_v13.4\\core\\events\\event_bus.py'

..\..\..\AppData\Local\Programs\Python\Python313\Lib\pathlib\_local.py:537: FileNotFoundError</failure></testcase><testcase classname="tests.architecture.test_cash_legacy_removed.CashLegacyRemovedTests" name="test_cash_legacy_runtime_files_are_removed" time="0.002" /><testcase classname="tests.architecture.test_cash_legacy_removed.CashLegacyRemovedTests" name="test_cash_module_loader_uses_canonical_factory_only" time="0.002"><failure message="FileNotFoundError: [Errno 2] No such file or directory: 'C:\\Users\\Diego Rodriguez\\Downloads\\pos_spj_v13.4\\pos_spj_v13.4\\core\\ui\\module_loader.py'">self = &lt;tests.architecture.test_cash_legacy_removed.CashLegacyRemovedTests testMethod=test_cash_module_loader_uses_canonical_factory_only&gt;

    def test_cash_module_loader_uses_canonical_factory_only(self):
&gt;       loader = _read("core/ui/module_loader.py")
                 ^^^^^^^^^^^^^^^^^^^^^^^^^^^^^^^^^

tests\architecture\test_cash_legacy_removed.py:21: 
_ _ _ _ _ _ _ _ _ _ _ _ _ _ _ _ _ _ _ _ _ _ _ _ _ _ _ _ _ _ _ _ _ _ _ _ _ _ _ _
tests\architecture\test_cash_legacy_removed.py:9: in _read
    return (ROOT / path).read_text(encoding="utf-8")
           ^^^^^^^^^^^^^^^^^^^^^^^^^^^^^^^^^^^^^^^^^
..\..\..\AppData\Local\Programs\Python\Python313\Lib\pathlib\_local.py:546: in read_text
    return PathBase.read_text(self, encoding, errors, newline)
           ^^^^^^^^^^^^^^^^^^^^^^^^^^^^^^^^^^^^^^^^^^^^^^^^^^^
..\..\..\AppData\Local\Programs\Python\Python313\Lib\pathlib\_abc.py:632: in read_text
    with self.open(mode='r', encoding=encoding, errors=errors, newline=newline) as f:
         ^^^^^^^^^^^^^^^^^^^^^^^^^^^^^^^^^^^^^^^^^^^^^^^^^^^^^^^^^^^^^^^^^^^^^^
_ _ _ _ _ _ _ _ _ _ _ _ _ _ _ _ _ _ _ _ _ _ _ _ _ _ _ _ _ _ _ _ _ _ _ _ _ _ _ _

self = WindowsPath('C:/Users/Diego Rodriguez/Downloads/pos_spj_v13.4/pos_spj_v13.4/core/ui/module_loader.py')
mode = 'r', buffering = -1, encoding = 'utf-8', errors = None, newline = None

    def open(self, mode='r', buffering=-1, encoding=None,
             errors=None, newline=None):
        """
        Open the file pointed to by this path and return a file object, as
        the built-in open() function does.
        """
        if "b" not in mode:
            encoding = io.text_encoding(encoding)
&gt;       return io.open(self, mode, buffering, encoding, errors, newline)
               ^^^^^^^^^^^^^^^^^^^^^^^^^^^^^^^^^^^^^^^^^^^^^^^^^^^^^^^^^
E       FileNotFoundError: [Errno 2] No such file or directory: 'C:\\Users\\Diego Rodriguez\\Downloads\\pos_spj_v13.4\\pos_spj_v13.4\\core\\ui\\module_loader.py'

..\..\..\AppData\Local\Programs\Python\Python313\Lib\pathlib\_local.py:537: FileNotFoundError</failure></testcase><testcase classname="tests.architecture.test_cash_legacy_removed.CashLegacyRemovedTests" name="test_cash_runtime_permissions_do_not_use_cash_star_codes" time="0.003"><failure message="FileNotFoundError: [Errno 2] No such file or directory: 'C:\\Users\\Diego Rodriguez\\Downloads\\pos_spj_v13.4\\pos_spj_v13.4\\core\\security\\permission_catalog.py'">self = &lt;tests.architecture.test_cash_legacy_removed.CashLegacyRemovedTests testMethod=test_cash_runtime_permissions_do_not_use_cash_star_codes&gt;

    def test_cash_runtime_permissions_do_not_use_cash_star_codes(self):
        permissions = _read("backend/application/cash_register/permissions.py")
&gt;       catalog = _read("core/security/permission_catalog.py")
                  ^^^^^^^^^^^^^^^^^^^^^^^^^^^^^^^^^^^^^^^^^^^^

tests\architecture\test_cash_legacy_removed.py:61: 
_ _ _ _ _ _ _ _ _ _ _ _ _ _ _ _ _ _ _ _ _ _ _ _ _ _ _ _ _ _ _ _ _ _ _ _ _ _ _ _
tests\architecture\test_cash_legacy_removed.py:9: in _read
    return (ROOT / path).read_text(encoding="utf-8")
           ^^^^^^^^^^^^^^^^^^^^^^^^^^^^^^^^^^^^^^^^^
..\..\..\AppData\Local\Programs\Python\Python313\Lib\pathlib\_local.py:546: in read_text
    return PathBase.read_text(self, encoding, errors, newline)
           ^^^^^^^^^^^^^^^^^^^^^^^^^^^^^^^^^^^^^^^^^^^^^^^^^^^
..\..\..\AppData\Local\Programs\Python\Python313\Lib\pathlib\_abc.py:632: in read_text
    with self.open(mode='r', encoding=encoding, errors=errors, newline=newline) as f:
         ^^^^^^^^^^^^^^^^^^^^^^^^^^^^^^^^^^^^^^^^^^^^^^^^^^^^^^^^^^^^^^^^^^^^^^
_ _ _ _ _ _ _ _ _ _ _ _ _ _ _ _ _ _ _ _ _ _ _ _ _ _ _ _ _ _ _ _ _ _ _ _ _ _ _ _

self = WindowsPath('C:/Users/Diego Rodriguez/Downloads/pos_spj_v13.4/pos_spj_v13.4/core/security/permission_catalog.py')
mode = 'r', buffering = -1, encoding = 'utf-8', errors = None, newline = None

    def open(self, mode='r', buffering=-1, encoding=None,
             errors=None, newline=None):
        """
        Open the file pointed to by this path and return a file object, as
        the built-in open() function does.
        """
        if "b" not in mode:
            encoding = io.text_encoding(encoding)
&gt;       return io.open(self, mode, buffering, encoding, errors, newline)
               ^^^^^^^^^^^^^^^^^^^^^^^^^^^^^^^^^^^^^^^^^^^^^^^^^^^^^^^^^
E       FileNotFoundError: [Errno 2] No such file or directory: 'C:\\Users\\Diego Rodriguez\\Downloads\\pos_spj_v13.4\\pos_spj_v13.4\\core\\security\\permission_catalog.py'

..\..\..\AppData\Local\Programs\Python\Python313\Lib\pathlib\_local.py:537: FileNotFoundError</failure></testcase><testcase classname="tests.architecture.test_cash_notifications_boundary.CashNotificationsBoundaryTest" name="test_application_uses_sender_ports_not_provider_sdks" time="0.010" /><testcase classname="tests.architecture.test_cash_notifications_boundary.CashNotificationsBoundaryTest" name="test_idempotency_constraint_is_event_channel_recipient" time="0.029" /><testcase classname="tests.architecture.test_cash_notifications_boundary.CashNotificationsBoundaryTest" name="test_notification_schema_is_migration_owned" time="0.009" /><testcase classname="tests.architecture.test_cash_notifications_ui_wiring.CashNotificationsUiWiringTest" name="test_factory_owns_whatsapp_adapter_and_presenter_exposes_dispatch" time="0.003" /><testcase classname="tests.architecture.test_cash_notifications_ui_wiring.CashNotificationsUiWiringTest" name="test_notifications_page_has_no_sql_or_direct_provider_calls" time="0.003" /><testcase classname="tests.architecture.test_cash_notifications_ui_wiring.CashNotificationsUiWiringTest" name="test_notifications_route_uses_view_permission_and_capability" time="0.002" /><testcase classname="tests.architecture.test_cash_offline_first_boundary.CashOfflineFirstBoundaryTest" name="test_sequence_is_ordering_not_identity" time="0.003" /><testcase classname="tests.architecture.test_cash_offline_first_boundary.CashOfflineFirstBoundaryTest" name="test_sync_schema_is_migration_owned" time="0.022" /><testcase classname="tests.architecture.test_cash_offline_first_boundary.CashOfflineFirstBoundaryTest" name="test_transport_is_a_port_and_ui_has_no_sync_sql" time="0.016" /><testcase classname="tests.architecture.test_cash_operational_context_resolver.CashOperationalContextResolverArchitectureTests" name="test_factory_delegates_active_context_to_explicit_resolver" time="0.003" /><testcase classname="tests.architecture.test_cash_operational_context_resolver.CashOperationalContextResolverArchitectureTests" name="test_resolver_uses_canonical_tables_and_never_fabricates_context" time="0.003" /><testcase classname="tests.architecture.test_cash_overview_bi_wiring.CashOverviewBiWiringTest" name="test_factory_workspace_and_presenter_mount_overview" time="0.011" /><testcase classname="tests.architecture.test_cash_overview_bi_wiring.CashOverviewBiWiringTest" name="test_overview_page_is_real_and_uses_design_system" time="0.006" /><testcase classname="tests.architecture.test_cash_overview_bi_wiring.CashOverviewBiWiringTest" name="test_overview_query_service_owns_bi_calculations" time="0.003" /><testcase classname="tests.architecture.test_cash_printing_boundary.CashPrintingBoundaryTests" name="test_cash_printing_has_renderers_queue_reprint_audit_and_no_ui_or_db" time="0.004" /><testcase classname="tests.architecture.test_cash_refund_domain_boundaries.CashRefundDomainBoundaryTests" name="test_cash_does_not_mutate_finance_loyalty_or_sales" time="0.003" /><testcase classname="tests.architecture.test_cash_refund_domain_boundaries.CashRefundDomainBoundaryTests" name="test_refund_is_not_the_cancellation_handler" time="0.004" /><testcase classname="tests.architecture.test_cash_refund_ui_wiring.CashRefundUiWiringArchitectureTests" name="test_refund_factory_uses_cash_refund_integration_service" time="0.004" /><testcase classname="tests.architecture.test_cash_refund_ui_wiring.CashRefundUiWiringArchitectureTests" name="test_refund_page_is_real_and_uses_presenter_command" time="0.004" /><testcase classname="tests.architecture.test_cash_register_composition_root" name="test_cash_module_loader_uses_canonical_factory" time="0.002"><failure message="FileNotFoundError: [Errno 2] No such file or directory: 'C:\\Users\\Diego Rodriguez\\Downloads\\pos_spj_v13.4\\pos_spj_v13.4\\core\\ui\\module_loader.py'">def test_cash_module_loader_uses_canonical_factory():
&gt;       loader = (ROOT / "core/ui/module_loader.py").read_text(encoding="utf-8")
                 ^^^^^^^^^^^^^^^^^^^^^^^^^^^^^^^^^^^^^^^^^^^^^^^^^^^^^^^^^^^^^^^

tests\architecture\test_cash_register_composition_root.py:8: 
_ _ _ _ _ _ _ _ _ _ _ _ _ _ _ _ _ _ _ _ _ _ _ _ _ _ _ _ _ _ _ _ _ _ _ _ _ _ _ _
..\..\..\AppData\Local\Programs\Python\Python313\Lib\pathlib\_local.py:546: in read_text
    return PathBase.read_text(self, encoding, errors, newline)
           ^^^^^^^^^^^^^^^^^^^^^^^^^^^^^^^^^^^^^^^^^^^^^^^^^^^
..\..\..\AppData\Local\Programs\Python\Python313\Lib\pathlib\_abc.py:632: in read_text
    with self.open(mode='r', encoding=encoding, errors=errors, newline=newline) as f:
         ^^^^^^^^^^^^^^^^^^^^^^^^^^^^^^^^^^^^^^^^^^^^^^^^^^^^^^^^^^^^^^^^^^^^^^
_ _ _ _ _ _ _ _ _ _ _ _ _ _ _ _ _ _ _ _ _ _ _ _ _ _ _ _ _ _ _ _ _ _ _ _ _ _ _ _

self = WindowsPath('C:/Users/Diego Rodriguez/Downloads/pos_spj_v13.4/pos_spj_v13.4/core/ui/module_loader.py')
mode = 'r', buffering = -1, encoding = 'utf-8', errors = None, newline = None

    def open(self, mode='r', buffering=-1, encoding=None,
             errors=None, newline=None):
        """
        Open the file pointed to by this path and return a file object, as
        the built-in open() function does.
        """
        if "b" not in mode:
            encoding = io.text_encoding(encoding)
&gt;       return io.open(self, mode, buffering, encoding, errors, newline)
               ^^^^^^^^^^^^^^^^^^^^^^^^^^^^^^^^^^^^^^^^^^^^^^^^^^^^^^^^^
E       FileNotFoundError: [Errno 2] No such file or directory: 'C:\\Users\\Diego Rodriguez\\Downloads\\pos_spj_v13.4\\pos_spj_v13.4\\core\\ui\\module_loader.py'

..\..\..\AppData\Local\Programs\Python\Python313\Lib\pathlib\_local.py:537: FileNotFoundError</failure></testcase><testcase classname="tests.architecture.test_cash_register_composition_root" name="test_main_window_uses_cash_register_host_not_legacy_workspace_alias" time="0.002"><failure message="FileNotFoundError: [Errno 2] No such file or directory: 'C:\\Users\\Diego Rodriguez\\Downloads\\pos_spj_v13.4\\pos_spj_v13.4\\interfaz\\main_window.py'">def test_main_window_uses_cash_register_host_not_legacy_workspace_alias():
&gt;       source = (ROOT / "interfaz/main_window.py").read_text(encoding="utf-8")
                 ^^^^^^^^^^^^^^^^^^^^^^^^^^^^^^^^^^^^^^^^^^^^^^^^^^^^^^^^^^^^^^

tests\architecture\test_cash_register_composition_root.py:16: 
_ _ _ _ _ _ _ _ _ _ _ _ _ _ _ _ _ _ _ _ _ _ _ _ _ _ _ _ _ _ _ _ _ _ _ _ _ _ _ _
..\..\..\AppData\Local\Programs\Python\Python313\Lib\pathlib\_local.py:546: in read_text
    return PathBase.read_text(self, encoding, errors, newline)
           ^^^^^^^^^^^^^^^^^^^^^^^^^^^^^^^^^^^^^^^^^^^^^^^^^^^
..\..\..\AppData\Local\Programs\Python\Python313\Lib\pathlib\_abc.py:632: in read_text
    with self.open(mode='r', encoding=encoding, errors=errors, newline=newline) as f:
         ^^^^^^^^^^^^^^^^^^^^^^^^^^^^^^^^^^^^^^^^^^^^^^^^^^^^^^^^^^^^^^^^^^^^^^
_ _ _ _ _ _ _ _ _ _ _ _ _ _ _ _ _ _ _ _ _ _ _ _ _ _ _ _ _ _ _ _ _ _ _ _ _ _ _ _

self = WindowsPath('C:/Users/Diego Rodriguez/Downloads/pos_spj_v13.4/pos_spj_v13.4/interfaz/main_window.py')
mode = 'r', buffering = -1, encoding = 'utf-8', errors = None, newline = None

    def open(self, mode='r', buffering=-1, encoding=None,
             errors=None, newline=None):
        """
        Open the file pointed to by this path and return a file object, as
        the built-in open() function does.
        """
        if "b" not in mode:
            encoding = io.text_encoding(encoding)
&gt;       return io.open(self, mode, buffering, encoding, errors, newline)
               ^^^^^^^^^^^^^^^^^^^^^^^^^^^^^^^^^^^^^^^^^^^^^^^^^^^^^^^^^
E       FileNotFoundError: [Errno 2] No such file or directory: 'C:\\Users\\Diego Rodriguez\\Downloads\\pos_spj_v13.4\\pos_spj_v13.4\\interfaz\\main_window.py'

..\..\..\AppData\Local\Programs\Python\Python313\Lib\pathlib\_local.py:537: FileNotFoundError</failure></testcase><testcase classname="tests.architecture.test_cash_register_composition_root" name="test_cash_factory_is_only_layer_that_receives_composition_root" time="0.006" /><testcase classname="tests.architecture.test_cash_register_composition_root" name="test_cash_frontend_does_not_receive_appcontainer_or_use_service_locator" time="0.004" /><testcase classname="tests.architecture.test_cash_register_configuration_ui.CashConfigurationUiTests" name="test_ui_is_thin_spanish_and_uses_standard_components" time="0.006" /><testcase classname="tests.architecture.test_cash_register_devices_ui.CashDevicesUiTests" name="test_device_ui_is_wired_to_presenter_not_orphan_signals" time="0.004" /><testcase classname="tests.architecture.test_cash_register_devices_ui.CashDevicesUiTests" name="test_device_ui_uses_design_system_and_no_hardware_or_database" time="0.006" /><testcase classname="tests.architecture.test_cash_register_domain_contract.CashRegisterDomainArchitectureTests" name="test_domain_exposes_cash_2_ownership_entities" time="0.003" /><testcase classname="tests.architecture.test_cash_register_domain_contract.CashRegisterDomainArchitectureTests" name="test_domain_has_no_io_ui_or_float_literals" time="0.089" /><testcase classname="tests.architecture.test_cash_register_domain_contract.CashRegisterDomainArchitectureTests" name="test_event_catalog_covers_cash_2_aggregates" time="0.002" /><testcase classname="tests.architecture.test_cash_register_domain_contract.CashRegisterDomainArchitectureTests" name="test_shift_lifecycle_policy_is_used_by_domain_and_application" time="0.009" /><testcase classname="tests.architecture.test_cash_register_permissions_catalog" name="test_cash_permissions_use_module_action_format" time="0.005" /><testcase classname="tests.architecture.test_cash_register_permissions_catalog" name="test_cash_permission_catalog_matches_permissions_one_to_one" time="0.002" /><testcase classname="tests.architecture.test_cash_register_permissions_catalog" name="test_cash_routes_use_view_permissions_not_action_permissions" time="0.002" /><testcase classname="tests.architecture.test_cash_register_permissions_catalog" name="test_cash_has_no_dispositivo_namespace" time="0.002" /><testcase classname="tests.architecture.test_cash_register_schema_lives_in_migrations.CashRegisterSchemaArchitectureTests" name="test_configuration_schema_permissions_use_caja_action_codes" time="0.005" /><testcase classname="tests.architecture.test_cash_register_schema_lives_in_migrations.CashRegisterSchemaArchitectureTests" name="test_migration_has_no_legacy_rescue_or_dual_write" time="0.008" /><testcase classname="tests.architecture.test_cash_register_schema_lives_in_migrations.CashRegisterSchemaArchitectureTests" name="test_schema_is_registered_for_clean_and_incremental_bootstrap" time="0.065" /><testcase classname="tests.architecture.test_cash_register_security_foundation.CashRegisterSecurityArchitectureTests" name="test_authorization_has_no_role_name_or_admin_shortcut" time="0.595" /><testcase classname="tests.architecture.test_cash_register_security_foundation.CashRegisterSecurityArchitectureTests" name="test_permission_catalog_is_granular" time="0.012" /><testcase classname="tests.architecture.test_cash_register_security_foundation.CashRegisterSecurityArchitectureTests" name="test_security_foundation_has_no_float_contracts_or_legacy_permissions" time="0.636" /><testcase classname="tests.architecture.test_cash_register_security_foundation.CashRegisterSecurityArchitectureTests" name="test_ui_backend_authorization_parity_for_every_cash_capability" time="0.019" /><testcase classname="tests.architecture.test_cash_register_ui_ux_workspace.CashRegisterUiUxWorkspaceTests" name="test_configuration_page_is_wired_to_presenter_and_use_case" time="0.005" /><testcase classname="tests.architecture.test_cash_register_ui_ux_workspace.CashRegisterUiUxWorkspaceTests" name="test_dialogs_use_standard_components_and_audit_fields" time="0.003" /><testcase classname="tests.architecture.test_cash_register_ui_ux_workspace.CashRegisterUiUxWorkspaceTests" name="test_juanis_side_nav_theme_is_global_qss" time="0.002" /><testcase classname="tests.architecture.test_cash_register_ui_ux_workspace.CashRegisterUiUxWorkspaceTests" name="test_routes_cover_cash_23_pages_in_spanish" time="0.002" /><testcase classname="tests.architecture.test_cash_register_ui_ux_workspace.CashRegisterUiUxWorkspaceTests" name="test_routes_use_canonical_caja_permissions_without_legacy_translation" time="0.003" /><testcase classname="tests.architecture.test_cash_register_ui_ux_workspace.CashRegisterUiUxWorkspaceTests" name="test_secondary_pages_are_backend_backed_not_placeholders" time="0.003" /><testcase classname="tests.architecture.test_cash_register_ui_ux_workspace.CashRegisterUiUxWorkspaceTests" name="test_workspace_covers_navigation_states_responsive_and_accessibility" time="0.024" /><testcase classname="tests.architecture.test_cash_register_unit_of_work_boundary.CashRegisterUnitOfWorkArchitectureTests" name="test_repositories_do_not_commit_rollback_or_change_schema" time="0.045" /><testcase classname="tests.architecture.test_cash_register_unit_of_work_boundary.CashRegisterUnitOfWorkArchitectureTests" name="test_uow_exposes_one_boundary_for_all_required_records" time="0.002" /><testcase classname="tests.architecture.test_cash_safe_drop_treasury_boundary.CashSafeDropTreasuryBoundaryTests" name="test_cash_does_not_write_treasury_tables_or_import_finance" time="0.002" /><testcase classname="tests.architecture.test_cash_safe_drop_treasury_boundary.CashSafeDropTreasuryBoundaryTests" name="test_handover_is_custody_not_second_ledger_outflow" time="0.003" /><testcase classname="tests.architecture.test_cash_sales_boundary.CashSalesBoundaryTests" name="test_integration_does_not_import_sales_legacy_or_write_sales_tables" time="0.003" /><testcase classname="tests.architecture.test_cash_shift_use_cases_are_canonical.CashShiftUseCaseArchitectureTests" name="test_shift_lifecycle_does_not_delegate_to_legacy_or_use_float" time="0.003" /><testcase classname="tests.architecture.test_cash_shift_use_cases_are_canonical.CashShiftUseCaseArchitectureTests" name="test_shift_transition_commands_use_lifecycle_policy_not_status_strings" time="0.002" /><testcase classname="tests.architecture.test_cash_sync_ui_wiring.CashSyncUiWiringTest" name="test_sync_page_has_no_sql_repository_or_transport_dependency" time="0.004" /><testcase classname="tests.architecture.test_cash_sync_ui_wiring.CashSyncUiWiringTest" name="test_sync_route_uses_view_permission_and_capability" time="0.003" /><testcase classname="tests.architecture.test_cash_sync_ui_wiring.CashSyncUiWiringTest" name="test_workspace_mounts_sync_page_instead_of_placeholder" time="0.003" /><testcase classname="tests.architecture.test_cash_ux_presentation_contract.CashUxPresentationContractTests" name="test_cash_dialogs_do_not_ask_operator_for_technical_ids" time="0.003" /><testcase classname="tests.architecture.test_cash_ux_presentation_contract.CashUxPresentationContractTests" name="test_cash_pages_do_not_present_print_or_shift_ids_in_cuts" time="0.004" /><testcase classname="tests.architecture.test_cash_ux_presentation_contract.CashUxPresentationContractTests" name="test_cash_pages_use_user_facing_error_mapper" time="0.007" /><testcase classname="tests.architecture.test_cash_ux_presentation_contract.CashUxPresentationContractTests" name="test_common_inputs_expose_virtual_keyboard_affordance" time="0.010" /><testcase classname="tests.architecture.test_cash_ux_presentation_contract.CashUxPresentationContractTests" name="test_sensitive_workflows_use_semantic_dialogs" time="0.008" /><testcase classname="tests.architecture.test_cash_ux_presentation_contract.CashUxPresentationContractTests" name="test_sidebar_uses_task_language_not_ledger" time="0.002" /><testcase classname="tests.architecture.test_cash_x_cut_ui_wiring.CashXCutUiWiringArchitectureTests" name="test_x_cut_factory_uses_canonical_use_case_query_and_print_queue" time="0.006" /><testcase classname="tests.architecture.test_cash_x_cut_ui_wiring.CashXCutUiWiringArchitectureTests" name="test_x_cut_page_is_real_and_wired_to_presenter" time="0.003" /><testcase classname="tests.architecture.test_cash_z_cut_ui_wiring.CashZCutUiWiringArchitectureTests" name="test_z_cut_factory_uses_canonical_use_cases_and_born_clean_print_queue" time="0.003" /><testcase classname="tests.architecture.test_cash_z_cut_ui_wiring.CashZCutUiWiringArchitectureTests" name="test_z_cut_page_is_real_and_wired_to_presenter" time="0.004" /><testcase classname="tests.architecture.test_ci_workflow" name="test_ci_workflow_is_valid_and_runs_on_push_and_pull_request" time="0.042" /><testcase classname="tests.architecture.test_ci_workflow" name="test_ci_preserves_full_architecture_unit_and_integration_gates" time="0.035" /><testcase classname="tests.architecture.test_ci_workflow" name="test_ci_explicitly_validates_security" time="0.036" /><testcase classname="tests.architecture.test_ci_workflow" name="test_ci_preserves_purchasing_visual_evidence_and_pwa_tests" time="0.034" /><testcase classname="tests.architecture.test_ci_workflow" name="test_ci_keeps_sales_ui_and_api_domain_jobs" time="0.038" /><testcase classname="tests.architecture.test_clean_birth_guardrails" name="test_alertas_tables_are_text_pk_in_base_schema" time="0.932" /><testcase classname="tests.architecture.test_clean_birth_guardrails" name="test_alertas_service_emits_no_ddl_and_no_default_one" time="0.003"><failure message="FileNotFoundError: [Errno 2] No such file or directory: 'C:\\Users\\Diego Rodriguez\\Downloads\\pos_spj_v13.4\\pos_spj_v13.4\\core\\services\\alertas_service.py'">def test_alertas_service_emits_no_ddl_and_no_default_one():
&gt;       src = (REPO / "core" / "services" / "alertas_service.py").read_text(encoding="utf-8")
              ^^^^^^^^^^^^^^^^^^^^^^^^^^^^^^^^^^^^^^^^^^^^^^^^^^^^^^^^^^^^^^^^^^^^^^^^^^^^^^^

tests\architecture\test_clean_birth_guardrails.py:48: 
_ _ _ _ _ _ _ _ _ _ _ _ _ _ _ _ _ _ _ _ _ _ _ _ _ _ _ _ _ _ _ _ _ _ _ _ _ _ _ _
..\..\..\AppData\Local\Programs\Python\Python313\Lib\pathlib\_local.py:546: in read_text
    return PathBase.read_text(self, encoding, errors, newline)
           ^^^^^^^^^^^^^^^^^^^^^^^^^^^^^^^^^^^^^^^^^^^^^^^^^^^
..\..\..\AppData\Local\Programs\Python\Python313\Lib\pathlib\_abc.py:632: in read_text
    with self.open(mode='r', encoding=encoding, errors=errors, newline=newline) as f:
         ^^^^^^^^^^^^^^^^^^^^^^^^^^^^^^^^^^^^^^^^^^^^^^^^^^^^^^^^^^^^^^^^^^^^^^
_ _ _ _ _ _ _ _ _ _ _ _ _ _ _ _ _ _ _ _ _ _ _ _ _ _ _ _ _ _ _ _ _ _ _ _ _ _ _ _

self = WindowsPath('C:/Users/Diego Rodriguez/Downloads/pos_spj_v13.4/pos_spj_v13.4/core/services/alertas_service.py')
mode = 'r', buffering = -1, encoding = 'utf-8', errors = None, newline = None

    def open(self, mode='r', buffering=-1, encoding=None,
             errors=None, newline=None):
        """
        Open the file pointed to by this path and return a file object, as
        the built-in open() function does.
        """
        if "b" not in mode:
            encoding = io.text_encoding(encoding)
&gt;       return io.open(self, mode, buffering, encoding, errors, newline)
               ^^^^^^^^^^^^^^^^^^^^^^^^^^^^^^^^^^^^^^^^^^^^^^^^^^^^^^^^^
E       FileNotFoundError: [Errno 2] No such file or directory: 'C:\\Users\\Diego Rodriguez\\Downloads\\pos_spj_v13.4\\pos_spj_v13.4\\core\\services\\alertas_service.py'

..\..\..\AppData\Local\Programs\Python\Python313\Lib\pathlib\_local.py:537: FileNotFoundError</failure></testcase><testcase classname="tests.architecture.test_clean_birth_guardrails" name="test_alertas_service_requires_uuid_branch_and_mints_uuid" time="0.003"><failure message="ModuleNotFoundError: No module named 'core'">def test_alertas_service_requires_uuid_branch_and_mints_uuid():
        import uuid
    
&gt;       from core.services.alertas_service import AlertasService
E       ModuleNotFoundError: No module named 'core'

tests\architecture\test_clean_birth_guardrails.py:59: ModuleNotFoundError</failure></testcase><testcase classname="tests.architecture.test_clean_birth_guardrails" name="test_bi_tables_are_born_clean_after_full_migration_chain" time="8.480" /><testcase classname="tests.architecture.test_clean_birth_guardrails" name="test_reportes_analytics_tables_are_born_clean" time="5.740"><failure message="FileNotFoundError: [Errno 2] No such file or directory: 'C:\\Users\\Diego Rodriguez\\Downloads\\pos_spj_v13.4\\pos_spj_v13.4\\core\\services\\analytics\\analytics_engine.py'">def test_reportes_analytics_tables_are_born_clean():
        """REPORTES/BI born-clean: report_export_log (base) lleva id TEXT UUIDv7 con
        branch_id TEXT; las tablas analíticas bi_sales_daily / bi_product_profit /
        bi_branch_ranking (062) usan identidad natural compuesta (sin surrogate,
        patrón kpi_snapshots) y bi_transformations (bitácora append) lleva id TEXT
        UUIDv7. AnalyticsEngine y ReportEngine acuñan UUID / no castean sucursal_id.
        """
        import migrations.m000_base_schema as base
        from migrations import engine as migrator
    
        conn = sqlite3.connect(":memory:")
        base.up(conn)
        conn.commit()
        migrator.up(conn)
        conn.commit()
    
        rel = {r[1]: r[2].upper() for r in conn.execute("PRAGMA table_info(report_export_log)").fetchall()}
        assert rel["id"] == "TEXT" and rel["branch_id"] == "TEXT"
    
        # bi_transformations: bitácora append con id TEXT UUIDv7.
        bt = {r[1]: (r[2].upper(), r[5]) for r in conn.execute("PRAGMA table_info(bi_transformations)").fetchall()}
        assert bt["id"] == ("TEXT", 1) and bt["sucursal_id"][0] == "TEXT"
    
        # bi_sales_daily / bi_product_profit / bi_branch_ranking: clave natural
        # compuesta, sin surrogate id entero.
        for table, key_cols in (("bi_sales_daily", ("fecha", "sucursal_id")),
                                ("bi_product_profit", ("fecha", "producto_id")),
                                ("bi_branch_ranking", ("fecha", "sucursal_id"))):
            cols = {r[1]: (r[2].upper(), r[5]) for r in conn.execute(f"PRAGMA table_info({table})").fetchall()}
            assert "id" not in cols, f"{table} no debe tener surrogate id entero"
            for kc in key_cols:
                assert cols[kc][1] &gt;= 1, f"{table}.{kc} debe ser parte de la PK natural"
                assert cols[kc][0] == "TEXT", f"{table}.{kc} debe ser TEXT"
    
&gt;       ae_src = (REPO / "core/services/analytics/analytics_engine.py").read_text(encoding="utf-8")
                 ^^^^^^^^^^^^^^^^^^^^^^^^^^^^^^^^^^^^^^^^^^^^^^^^^^^^^^^^^^^^^^^^^^^^^^^^^^^^^^^^^^

tests\architecture\test_clean_birth_guardrails.py:146: 
_ _ _ _ _ _ _ _ _ _ _ _ _ _ _ _ _ _ _ _ _ _ _ _ _ _ _ _ _ _ _ _ _ _ _ _ _ _ _ _
..\..\..\AppData\Local\Programs\Python\Python313\Lib\pathlib\_local.py:546: in read_text
    return PathBase.read_text(self, encoding, errors, newline)
           ^^^^^^^^^^^^^^^^^^^^^^^^^^^^^^^^^^^^^^^^^^^^^^^^^^^
..\..\..\AppData\Local\Programs\Python\Python313\Lib\pathlib\_abc.py:632: in read_text
    with self.open(mode='r', encoding=encoding, errors=errors, newline=newline) as f:
         ^^^^^^^^^^^^^^^^^^^^^^^^^^^^^^^^^^^^^^^^^^^^^^^^^^^^^^^^^^^^^^^^^^^^^^
_ _ _ _ _ _ _ _ _ _ _ _ _ _ _ _ _ _ _ _ _ _ _ _ _ _ _ _ _ _ _ _ _ _ _ _ _ _ _ _

self = WindowsPath('C:/Users/Diego Rodriguez/Downloads/pos_spj_v13.4/pos_spj_v13.4/core/services/analytics/analytics_engine.py')
mode = 'r', buffering = -1, encoding = 'utf-8', errors = None, newline = None

    def open(self, mode='r', buffering=-1, encoding=None,
             errors=None, newline=None):
        """
        Open the file pointed to by this path and return a file object, as
        the built-in open() function does.
        """
        if "b" not in mode:
            encoding = io.text_encoding(encoding)
&gt;       return io.open(self, mode, buffering, encoding, errors, newline)
               ^^^^^^^^^^^^^^^^^^^^^^^^^^^^^^^^^^^^^^^^^^^^^^^^^^^^^^^^^
E       FileNotFoundError: [Errno 2] No such file or directory: 'C:\\Users\\Diego Rodriguez\\Downloads\\pos_spj_v13.4\\pos_spj_v13.4\\core\\services\\analytics\\analytics_engine.py'

..\..\..\AppData\Local\Programs\Python\Python313\Lib\pathlib\_local.py:537: FileNotFoundError</failure></testcase><testcase classname="tests.architecture.test_clean_birth_guardrails" name="test_api_webapp_treats_identity_as_uuid_no_int_casts" time="0.003"><failure message="FileNotFoundError: [Errno 2] No such file or directory: 'C:\\Users\\Diego Rodriguez\\Downloads\\pos_spj_v13.4\\pos_spj_v13.4\\webapp\\api_pedidos.py'">def test_api_webapp_treats_identity_as_uuid_no_int_casts():
        """La API REST (webapp) trata las identidades como UUIDv7 TEXT: api_pedidos
        no castea producto_id/sucursal_id a entero ni asume DEFAULT 1; ItemPedido
        declara producto_id como str. api_dashboard solo castea agregados (counts),
        no identidades.
        """
        pat = re.compile(r"int\s*\(\s*(?:producto|sucursal|cliente|venta|pedido|order|branch)_id")
        for path in ("webapp/api_pedidos.py", "webapp/api_dashboard.py"):
&gt;           src = (REPO / path).read_text(encoding="utf-8")
                  ^^^^^^^^^^^^^^^^^^^^^^^^^^^^^^^^^^^^^^^^^

tests\architecture\test_clean_birth_guardrails.py:162: 
_ _ _ _ _ _ _ _ _ _ _ _ _ _ _ _ _ _ _ _ _ _ _ _ _ _ _ _ _ _ _ _ _ _ _ _ _ _ _ _
..\..\..\AppData\Local\Programs\Python\Python313\Lib\pathlib\_local.py:546: in read_text
    return PathBase.read_text(self, encoding, errors, newline)
           ^^^^^^^^^^^^^^^^^^^^^^^^^^^^^^^^^^^^^^^^^^^^^^^^^^^
..\..\..\AppData\Local\Programs\Python\Python313\Lib\pathlib\_abc.py:632: in read_text
    with self.open(mode='r', encoding=encoding, errors=errors, newline=newline) as f:
         ^^^^^^^^^^^^^^^^^^^^^^^^^^^^^^^^^^^^^^^^^^^^^^^^^^^^^^^^^^^^^^^^^^^^^^
_ _ _ _ _ _ _ _ _ _ _ _ _ _ _ _ _ _ _ _ _ _ _ _ _ _ _ _ _ _ _ _ _ _ _ _ _ _ _ _

self = WindowsPath('C:/Users/Diego Rodriguez/Downloads/pos_spj_v13.4/pos_spj_v13.4/webapp/api_pedidos.py')
mode = 'r', buffering = -1, encoding = 'utf-8', errors = None, newline = None

    def open(self, mode='r', buffering=-1, encoding=None,
             errors=None, newline=None):
        """
        Open the file pointed to by this path and return a file object, as
        the built-in open() function does.
        """
        if "b" not in mode:
            encoding = io.text_encoding(encoding)
&gt;       return io.open(self, mode, buffering, encoding, errors, newline)
               ^^^^^^^^^^^^^^^^^^^^^^^^^^^^^^^^^^^^^^^^^^^^^^^^^^^^^^^^^
E       FileNotFoundError: [Errno 2] No such file or directory: 'C:\\Users\\Diego Rodriguez\\Downloads\\pos_spj_v13.4\\pos_spj_v13.4\\webapp\\api_pedidos.py'

..\..\..\AppData\Local\Programs\Python\Python313\Lib\pathlib\_local.py:537: FileNotFoundError</failure></testcase><testcase classname="tests.architecture.test_clean_birth_guardrails" name="test_sincronizacion_tables_are_born_clean_single_uuid_identity" time="4.910"><failure message="FileNotFoundError: [Errno 2] No such file or directory: 'C:\\Users\\Diego Rodriguez\\Downloads\\pos_spj_v13.4\\pos_spj_v13.4\\sync\\sync_engine.py'">def test_sincronizacion_tables_are_born_clean_single_uuid_identity():
        """SINCRONIZACION born-clean (REGLA CERO): las tablas del motor offline-first
        llevan identidad UUIDv7 TEXT única — sin columna uuid dual, sin surrogate
        entero, sin DEFAULT 1:
          - sync_outbox / sync_inbox / event_log: id TEXT PRIMARY KEY (sin uuid dual),
            registro_id/entidad_id/sucursal_id/sucursal_origen TEXT.
          - sync_batch_log: identidad natural batch_id TEXT (sin surrogate id).
          - sync_version_history: PK compuesta (event_id, version) (sin surrogate id).
        Los writers acuñan new_uuid() y NO usan lastrowid como identidad; el protocolo
        de sync expone id AS uuid (compatibilidad de wire sin columna dual).
        """
        import migrations.m000_base_schema as base
        from migrations import engine as migrator
    
        conn = sqlite3.connect(":memory:")
        base.up(conn)
        conn.commit()
        migrator.up(conn)
        conn.commit()
    
        # Tablas con id TEXT PK único (sin columna uuid dual).
        for table, fk_cols in (
            ("sync_outbox", ("registro_id", "sucursal_id")),
            ("sync_inbox", ("registro_id", "sucursal_origen")),
            ("event_log", ("entidad_id", "sucursal_id")),
        ):
            cols = {r[1]: (r[2].upper(), r[4], r[5]) for r in conn.execute(f"PRAGMA table_info({table})").fetchall()}
            assert cols["id"][0] == "TEXT", f"{table}.id debe ser TEXT"
            assert cols["id"][2] == 1, f"{table}.id debe ser PRIMARY KEY"
            assert "uuid" not in cols, f"{table} no debe tener columna uuid dual"
            for fk in fk_cols:
                assert cols[fk][0] == "TEXT", f"{table}.{fk} debe ser TEXT"
            # sucursal_id no debe traer DEFAULT 1.
            if "sucursal_id" in cols:
                assert cols["sucursal_id"][1] not in (1, "1"), f"{table}.sucursal_id no debe tener DEFAULT 1"
    
        # sync_batch_log: identidad natural batch_id TEXT, sin surrogate id.
        sbl = {r[1]: (r[2].upper(), r[5]) for r in conn.execute("PRAGMA table_info(sync_batch_log)").fetchall()}
        assert "id" not in sbl, "sync_batch_log no debe tener surrogate id entero"
        assert sbl["batch_id"] == ("TEXT", 1), "sync_batch_log.batch_id debe ser TEXT PRIMARY KEY"
    
        # sync_version_history: PK natural compuesta (event_id, version), sin surrogate.
        svh = {r[1]: (r[2].upper(), r[5]) for r in conn.execute("PRAGMA table_info(sync_version_history)").fetchall()}
        # Plan B: id TEXT UUIDv7 + unicidad natural (event_id, version); `version`
        # es un ordinal legítimo, no identidad, y ya no forma parte de la PK.
        assert svh["id"] == ("TEXT", 1), "sync_version_history.id debe ser TEXT PK UUIDv7"
        assert svh["event_id"][0] == "TEXT" and svh["version"][0] == "INTEGER"
    
        # Writers acuñan UUIDv7 y no usan lastrowid como identidad.
&gt;       se_src = (REPO / "sync/sync_engine.py").read_text(encoding="utf-8")
                 ^^^^^^^^^^^^^^^^^^^^^^^^^^^^^^^^^^^^^^^^^^^^^^^^^^^^^^^^^^

tests\architecture\test_clean_birth_guardrails.py:220: 
_ _ _ _ _ _ _ _ _ _ _ _ _ _ _ _ _ _ _ _ _ _ _ _ _ _ _ _ _ _ _ _ _ _ _ _ _ _ _ _
..\..\..\AppData\Local\Programs\Python\Python313\Lib\pathlib\_local.py:546: in read_text
    return PathBase.read_text(self, encoding, errors, newline)
           ^^^^^^^^^^^^^^^^^^^^^^^^^^^^^^^^^^^^^^^^^^^^^^^^^^^
..\..\..\AppData\Local\Programs\Python\Python313\Lib\pathlib\_abc.py:632: in read_text
    with self.open(mode='r', encoding=encoding, errors=errors, newline=newline) as f:
         ^^^^^^^^^^^^^^^^^^^^^^^^^^^^^^^^^^^^^^^^^^^^^^^^^^^^^^^^^^^^^^^^^^^^^^
_ _ _ _ _ _ _ _ _ _ _ _ _ _ _ _ _ _ _ _ _ _ _ _ _ _ _ _ _ _ _ _ _ _ _ _ _ _ _ _

self = WindowsPath('C:/Users/Diego Rodriguez/Downloads/pos_spj_v13.4/pos_spj_v13.4/sync/sync_engine.py')
mode = 'r', buffering = -1, encoding = 'utf-8', errors = None, newline = None

    def open(self, mode='r', buffering=-1, encoding=None,
             errors=None, newline=None):
        """
        Open the file pointed to by this path and return a file object, as
        the built-in open() function does.
        """
        if "b" not in mode:
            encoding = io.text_encoding(encoding)
&gt;       return io.open(self, mode, buffering, encoding, errors, newline)
               ^^^^^^^^^^^^^^^^^^^^^^^^^^^^^^^^^^^^^^^^^^^^^^^^^^^^^^^^^
E       FileNotFoundError: [Errno 2] No such file or directory: 'C:\\Users\\Diego Rodriguez\\Downloads\\pos_spj_v13.4\\pos_spj_v13.4\\sync\\sync_engine.py'

..\..\..\AppData\Local\Programs\Python\Python313\Lib\pathlib\_local.py:537: FileNotFoundError</failure></testcase><testcase classname="tests.architecture.test_clean_birth_guardrails" name="test_loyalty_ledger_born_clean_and_dead_points_tables_removed" time="3.929"><failure message="FileNotFoundError: [Errno 2] No such file or directory: 'C:\\Users\\Diego Rodriguez\\Downloads\\pos_spj_v13.4\\pos_spj_v13.4\\repositories\\loyalty_repository.py'">def test_loyalty_ledger_born_clean_and_dead_points_tables_removed():
        """The canonical loyalty_ledger carries a TEXT UUIDv7 id (minted by the repo,
        not autoincrement) with TEXT cliente_id/sucursal_id, and the dead points
        tables (puntos, loyalty_points_log) are gone from the schema.
        """
        import migrations.m000_base_schema as base
        from migrations import engine as migrator
    
        conn = sqlite3.connect(":memory:")
        base.up(conn)
        conn.commit()
        migrator.up(conn)
        conn.commit()
    
        led = {r[1]: r[2].upper() for r in conn.execute("PRAGMA table_info(loyalty_ledger)").fetchall()}
        assert led["id"] == "TEXT"
        assert led["cliente_id"] == "TEXT"
        assert led["sucursal_id"] == "TEXT"
    
        tables = {r[0] for r in conn.execute("SELECT name FROM sqlite_master WHERE type='table'").fetchall()}
        assert "puntos" not in tables
        assert "loyalty_points_log" not in tables
    
        # The loyalty_ledger insert mints a UUIDv7 id and inserts it explicitly.
&gt;       src = (REPO / "repositories" / "loyalty_repository.py").read_text(encoding="utf-8")
              ^^^^^^^^^^^^^^^^^^^^^^^^^^^^^^^^^^^^^^^^^^^^^^^^^^^^^^^^^^^^^^^^^^^^^^^^^^^^^

tests\architecture\test_clean_birth_guardrails.py:258: 
_ _ _ _ _ _ _ _ _ _ _ _ _ _ _ _ _ _ _ _ _ _ _ _ _ _ _ _ _ _ _ _ _ _ _ _ _ _ _ _
..\..\..\AppData\Local\Programs\Python\Python313\Lib\pathlib\_local.py:546: in read_text
    return PathBase.read_text(self, encoding, errors, newline)
           ^^^^^^^^^^^^^^^^^^^^^^^^^^^^^^^^^^^^^^^^^^^^^^^^^^^
..\..\..\AppData\Local\Programs\Python\Python313\Lib\pathlib\_abc.py:632: in read_text
    with self.open(mode='r', encoding=encoding, errors=errors, newline=newline) as f:
         ^^^^^^^^^^^^^^^^^^^^^^^^^^^^^^^^^^^^^^^^^^^^^^^^^^^^^^^^^^^^^^^^^^^^^^
_ _ _ _ _ _ _ _ _ _ _ _ _ _ _ _ _ _ _ _ _ _ _ _ _ _ _ _ _ _ _ _ _ _ _ _ _ _ _ _

self = WindowsPath('C:/Users/Diego Rodriguez/Downloads/pos_spj_v13.4/pos_spj_v13.4/repositories/loyalty_repository.py')
mode = 'r', buffering = -1, encoding = 'utf-8', errors = None, newline = None

    def open(self, mode='r', buffering=-1, encoding=None,
             errors=None, newline=None):
        """
        Open the file pointed to by this path and return a file object, as
        the built-in open() function does.
        """
        if "b" not in mode:
            encoding = io.text_encoding(encoding)
&gt;       return io.open(self, mode, buffering, encoding, errors, newline)
               ^^^^^^^^^^^^^^^^^^^^^^^^^^^^^^^^^^^^^^^^^^^^^^^^^^^^^^^^^
E       FileNotFoundError: [Errno 2] No such file or directory: 'C:\\Users\\Diego Rodriguez\\Downloads\\pos_spj_v13.4\\pos_spj_v13.4\\repositories\\loyalty_repository.py'

..\..\..\AppData\Local\Programs\Python\Python313\Lib\pathlib\_local.py:537: FileNotFoundError</failure></testcase><testcase classname="tests.architecture.test_clean_birth_guardrails" name="test_raffle_subsystem_born_clean_and_ddl_lives_in_migration" time="4.905"><failure message="FileNotFoundError: [Errno 2] No such file or directory: 'C:\\Users\\Diego Rodriguez\\Downloads\\pos_spj_v13.4\\pos_spj_v13.4\\repositories\\loyalty_repository.py'">def test_raffle_subsystem_born_clean_and_ddl_lives_in_migration():
        """The raffle subsystem (migration 113) is born-clean: every table carries a
        TEXT UUIDv7 primary key and TEXT functional FKs, the schema lives in
        migrations/ (REGLA 11) — LoyaltyRepository.ensure_raffle_tables delegates to
        the migration instead of emitting inline DDL — and identities are minted as
        UUIDv7, never captured from autoincrement.
        """
        import migrations.m000_base_schema as base
        from migrations import engine as migrator
    
        conn = sqlite3.connect(":memory:")
        base.up(conn)
        conn.commit()
        migrator.up(conn)
        conn.commit()
    
        text_pk = {
            "raffles": (),
            "raffle_tickets": ("raffle_id", "cliente_id", "venta_id"),
            "raffle_financial_ledger": ("raffle_id",),
            "raffle_winners": ("raffle_id", "ticket_id", "prize_id", "cliente_id"),
            "raffle_rules": ("raffle_id",),
            "raffle_prizes": ("raffle_id",),
            "raffle_eligible_products": ("raffle_id", "product_id"),
            "raffle_eligible_categories": ("raffle_id", "category_id"),
            "raffle_eligible_branches": ("raffle_id", "sucursal_id"),
        }
        for table, fks in text_pk.items():
            cols = {r[1]: (r[2].upper(), r[5]) for r in conn.execute(f"PRAGMA table_info({table})").fetchall()}
            assert cols, f"{table} missing after migration 113"
            assert cols["id"] == ("TEXT", 1), f"{table}.id must be TEXT PRIMARY KEY"
            for fk in fks:
                assert cols[fk][0] == "TEXT", f"{table}.{fk} must be TEXT (no integer surrogate)"
    
        # Migration 113 is registered in the engine chain.
        versions = {m.version for m in migrator.MIGRATIONS}
        assert "113" in versions
    
        # The repo holds no inline raffle DDL; it delegates to the migration and mints UUIDs.
&gt;       src = (REPO / "repositories" / "loyalty_repository.py").read_text(encoding="utf-8")
              ^^^^^^^^^^^^^^^^^^^^^^^^^^^^^^^^^^^^^^^^^^^^^^^^^^^^^^^^^^^^^^^^^^^^^^^^^^^^^

tests\architecture\test_clean_birth_guardrails.py:303: 
_ _ _ _ _ _ _ _ _ _ _ _ _ _ _ _ _ _ _ _ _ _ _ _ _ _ _ _ _ _ _ _ _ _ _ _ _ _ _ _
..\..\..\AppData\Local\Programs\Python\Python313\Lib\pathlib\_local.py:546: in read_text
    return PathBase.read_text(self, encoding, errors, newline)
           ^^^^^^^^^^^^^^^^^^^^^^^^^^^^^^^^^^^^^^^^^^^^^^^^^^^
..\..\..\AppData\Local\Programs\Python\Python313\Lib\pathlib\_abc.py:632: in read_text
    with self.open(mode='r', encoding=encoding, errors=errors, newline=newline) as f:
         ^^^^^^^^^^^^^^^^^^^^^^^^^^^^^^^^^^^^^^^^^^^^^^^^^^^^^^^^^^^^^^^^^^^^^^
_ _ _ _ _ _ _ _ _ _ _ _ _ _ _ _ _ _ _ _ _ _ _ _ _ _ _ _ _ _ _ _ _ _ _ _ _ _ _ _

self = WindowsPath('C:/Users/Diego Rodriguez/Downloads/pos_spj_v13.4/pos_spj_v13.4/repositories/loyalty_repository.py')
mode = 'r', buffering = -1, encoding = 'utf-8', errors = None, newline = None

    def open(self, mode='r', buffering=-1, encoding=None,
             errors=None, newline=None):
        """
        Open the file pointed to by this path and return a file object, as
        the built-in open() function does.
        """
        if "b" not in mode:
            encoding = io.text_encoding(encoding)
&gt;       return io.open(self, mode, buffering, encoding, errors, newline)
               ^^^^^^^^^^^^^^^^^^^^^^^^^^^^^^^^^^^^^^^^^^^^^^^^^^^^^^^^^
E       FileNotFoundError: [Errno 2] No such file or directory: 'C:\\Users\\Diego Rodriguez\\Downloads\\pos_spj_v13.4\\pos_spj_v13.4\\repositories\\loyalty_repository.py'

[...]
               ^^^^^^^^^^^^^^^^^^^^^^^^^^^^^^^^^^^^^^^^^^^^^^^^^^^^^^^^^
E       FileNotFoundError: [Errno 2] No such file or directory: 'C:\\Users\\Diego Rodriguez\\Downloads\\pos_spj_v13.4\\pos_spj_v13.4\\modulos\\proveedores.py'

..\..\..\AppData\Local\Programs\Python\Python313\Lib\pathlib\_local.py:537: FileNotFoundError</failure></testcase><testcase classname="tests.architecture.test_supplier_ui_guardrails" name="test_supplier_ui_has_no_sql_or_repositories" time="0.011" /><testcase classname="tests.architecture.test_supplier_ui_guardrails" name="test_supplier_ui_has_no_inline_styles_or_hex" time="0.009" /><testcase classname="tests.architecture.test_supplier_ui_guardrails" name="test_supplier_forms_use_specialized_inputs" time="0.003" /><testcase classname="tests.architecture.test_supplier_ui_guardrails" name="test_supplier_ui_delegates_to_presenter_only" time="0.007" /><testcase classname="tests.architecture.test_text_pk_not_null" name="test_all_single_column_text_pk_are_not_null" time="6.217" /><testcase classname="tests.architecture.test_text_pk_not_null" name="test_insert_null_id_is_rejected_smoke[productos]" time="4.791" /><testcase classname="tests.architecture.test_text_pk_not_null" name="test_insert_null_id_is_rejected_smoke[ventas]" time="5.078" /><testcase classname="tests.architecture.test_text_pk_not_null" name="test_insert_null_id_is_rejected_smoke[clientes]" time="4.769" /><testcase classname="tests.architecture.test_text_pk_not_null" name="test_insert_null_id_is_rejected_smoke[sucursales]" time="4.932" /><testcase classname="tests.architecture.test_text_pk_not_null" name="test_insert_default_values_never_yields_null_pk_smoke" time="4.730" /><testcase classname="tests.architecture.test_theme_contrast" name="test_normal_text_pairs_meet_aa[light-TEXT_PRIMARY-BACKGROUND]" time="0.005" /><testcase classname="tests.architecture.test_theme_contrast" name="test_normal_text_pairs_meet_aa[light-TEXT_PRIMARY-SURFACE]" time="0.003" /><testcase classname="tests.architecture.test_theme_contrast" name="test_normal_text_pairs_meet_aa[light-TEXT_SECONDARY-SURFACE]" time="0.003" /><testcase classname="tests.architecture.test_theme_contrast" name="test_normal_text_pairs_meet_aa[light-TEXT_MUTED-SURFACE]" time="0.005" /><testcase classname="tests.architecture.test_theme_contrast" name="test_normal_text_pairs_meet_aa[light-PRIMARY_DEFAULT-SURFACE]" time="0.003" /><testcase classname="tests.architecture.test_theme_contrast" name="test_normal_text_pairs_meet_aa[light-DANGER_DEFAULT-SURFACE]" time="0.003" /><testcase classname="tests.architecture.test_theme_contrast" name="test_normal_text_pairs_meet_aa[light-SUCCESS_DEFAULT-SURFACE]" time="0.003" /><testcase classname="tests.architecture.test_theme_contrast" name="test_normal_text_pairs_meet_aa[light-WARNING_DEFAULT-SURFACE]" time="0.003" /><testcase classname="tests.architecture.test_theme_contrast" name="test_normal_text_pairs_meet_aa[light-INFO_DEFAULT-SURFACE]" time="0.003" /><testcase classname="tests.architecture.test_theme_contrast" name="test_normal_text_pairs_meet_aa[light-ACCENT_TEXT-SURFACE]" time="0.003" /><testcase classname="tests.architecture.test_theme_contrast" name="test_normal_text_pairs_meet_aa[light-TEXT_PRIMARY-ACCENT_DEFAULT]" time="0.003" /><testcase classname="tests.architecture.test_theme_contrast" name="test_normal_text_pairs_meet_aa[light-DANGER_DEFAULT-DANGER_SUBTLE]" time="0.003" /><testcase classname="tests.architecture.test_theme_contrast" name="test_normal_text_pairs_meet_aa[light-SUCCESS_DEFAULT-SUCCESS_SUBTLE]" time="0.004" /><testcase classname="tests.architecture.test_theme_contrast" name="test_normal_text_pairs_meet_aa[light-WARNING_DEFAULT-WARNING_SUBTLE]" time="0.004" /><testcase classname="tests.architecture.test_theme_contrast" name="test_normal_text_pairs_meet_aa[light-INFO_DEFAULT-INFO_SUBTLE]" time="0.003" /><testcase classname="tests.architecture.test_theme_contrast" name="test_normal_text_pairs_meet_aa[light-TOOLTIP_TEXT-TOOLTIP_BACKGROUND]" time="0.003" /><testcase classname="tests.architecture.test_theme_contrast" name="test_normal_text_pairs_meet_aa[dark-TEXT_PRIMARY-BACKGROUND]" time="0.003" /><testcase classname="tests.architecture.test_theme_contrast" name="test_normal_text_pairs_meet_aa[dark-TEXT_PRIMARY-SURFACE]" time="0.003" /><testcase classname="tests.architecture.test_theme_contrast" name="test_normal_text_pairs_meet_aa[dark-TEXT_SECONDARY-SURFACE]" time="0.003" /><testcase classname="tests.architecture.test_theme_contrast" name="test_normal_text_pairs_meet_aa[dark-PRIMARY_DEFAULT-SURFACE]" time="0.003" /><testcase classname="tests.architecture.test_theme_contrast" name="test_normal_text_pairs_meet_aa[dark-DANGER_DEFAULT-SURFACE]" time="0.004" /><testcase classname="tests.architecture.test_theme_contrast" name="test_normal_text_pairs_meet_aa[dark-SUCCESS_DEFAULT-SURFACE]" time="0.003" /><testcase classname="tests.architecture.test_theme_contrast" name="test_normal_text_pairs_meet_aa[dark-WARNING_DEFAULT-SURFACE]" time="0.003" /><testcase classname="tests.architecture.test_theme_contrast" name="test_normal_text_pairs_meet_aa[dark-INFO_DEFAULT-SURFACE]" time="0.003" /><testcase classname="tests.architecture.test_theme_contrast" name="test_normal_text_pairs_meet_aa[dark-ACCENT_TEXT-SURFACE]" time="0.005" /><testcase classname="tests.architecture.test_theme_contrast" name="test_normal_text_pairs_meet_aa[dark-TOOLTIP_TEXT-TOOLTIP_BACKGROUND]" time="0.003" /><testcase classname="tests.architecture.test_theme_contrast" name="test_large_and_ui_pairs_meet_aa[light-TEXT_MUTED-SURFACE_MUTED]" time="0.003" /><testcase classname="tests.architecture.test_theme_contrast" name="test_large_and_ui_pairs_meet_aa[light-FOCUS_RING-SURFACE]" time="0.003" /><testcase classname="tests.architecture.test_theme_contrast" name="test_large_and_ui_pairs_meet_aa[light-BORDER_STRONG-SURFACE]" time="0.003" /><testcase classname="tests.architecture.test_theme_contrast" name="test_large_and_ui_pairs_meet_aa[dark-TEXT_MUTED-SURFACE]" time="0.003" /><testcase classname="tests.architecture.test_theme_contrast" name="test_large_and_ui_pairs_meet_aa[dark-FOCUS_RING-SURFACE]" time="0.003" /><testcase classname="tests.architecture.test_theme_contrast" name="test_large_and_ui_pairs_meet_aa[dark-BORDER_STRONG-SURFACE]" time="0.083" /><testcase classname="tests.architecture.test_theme_contrast" name="test_large_and_ui_pairs_meet_aa[dark-TEXT_INVERSE-ACCENT_DEFAULT]" time="0.003" /><testcase classname="tests.architecture.test_theme_contrast" name="test_disabled_text_is_dimmer_than_primary_text" time="0.002" /><testcase classname="tests.architecture.test_theme_contrast" name="test_categorical_chart_colors_are_distinct" time="0.004" /><testcase classname="tests.architecture.test_transfers_blind_receipt_hides_expectations" name="test_unconfirmed_blind_receipt_dto_cannot_expose_expected_values" time="0.003" /><testcase classname="tests.architecture.test_transfers_cold_chain_catalogs_are_closed" name="test_cold_chain_and_receipt_quality_catalogs_are_closed" time="0.002" /><testcase classname="tests.architecture.test_transfers_difference_catalogs_are_closed" name="test_transfer_difference_and_resolution_catalogs_are_closed_and_complete" time="0.005" /><testcase classname="tests.architecture.test_transfers_events_are_canonical" name="test_transfers_domain_does_not_publish_legacy_event_names" time="0.006" /><testcase classname="tests.architecture.test_transfers_final_audit" name="test_transfer_schema_is_uuid_text_decimal_text_and_not_duplicated" time="0.012" /><testcase classname="tests.architecture.test_transfers_final_audit" name="test_transfer_ui_has_no_sql_or_transaction_control" time="0.027" /><testcase classname="tests.architecture.test_transfers_final_audit" name="test_transfer_events_permissions_offline_inventory_and_legacy_are_canonical" time="0.005" /><testcase classname="tests.architecture.test_transfers_integrations_are_canonical" name="test_transfer_integrations_have_no_legacy_or_direct_engine_fallbacks" time="0.007" /><testcase classname="tests.architecture.test_transfers_legacy_allowlist_is_empty" name="test_transfers_legacy_allowlist_is_empty" time="0.002" /><testcase classname="tests.architecture.test_transfers_notifications_use_gateways" name="test_transfer_notifications_are_gateway_driven_and_have_no_direct_channels" time="0.008" /><testcase classname="tests.architecture.test_transfers_offline_uses_canonical_use_cases" name="test_transfers_offline_sync_has_no_database_or_inventory_fallback" time="0.003" /><testcase classname="tests.architecture.test_transfers_permissions_are_granular" name="test_transfer_permissions_are_granular_and_no_legacy_general_code_exists" time="0.002" /><testcase classname="tests.architecture.test_transfers_printing_uses_gateway" name="test_transfers_printing_has_no_ui_database_or_direct_printer_dependency" time="0.022"><failure message="UnicodeDecodeError: 'charmap' codec can't decode byte 0x8d in position 1012: character maps to &lt;undefined&gt;">def test_transfers_printing_has_no_ui_database_or_direct_printer_dependency():
        files = [(APP_ROOT / "backend/application/transfers/printing.py")]
        files += list((APP_ROOT / "backend/infrastructure/printing").glob("*.py"))
&gt;       source = "\n".join(path.read_text() for path in files)
                 ^^^^^^^^^^^^^^^^^^^^^^^^^^^^^^^^^^^^^^^^^^^^^

tests\architecture\test_transfers_printing_uses_gateway.py:8: 
_ _ _ _ _ _ _ _ _ _ _ _ _ _ _ _ _ _ _ _ _ _ _ _ _ _ _ _ _ _ _ _ _ _ _ _ _ _ _ _
tests\architecture\test_transfers_printing_uses_gateway.py:8: in &lt;genexpr&gt;
    source = "\n".join(path.read_text() for path in files)
                       ^^^^^^^^^^^^^^^^
..\..\..\AppData\Local\Programs\Python\Python313\Lib\pathlib\_local.py:546: in read_text
    return PathBase.read_text(self, encoding, errors, newline)
           ^^^^^^^^^^^^^^^^^^^^^^^^^^^^^^^^^^^^^^^^^^^^^^^^^^^
..\..\..\AppData\Local\Programs\Python\Python313\Lib\pathlib\_abc.py:633: in read_text
    return f.read()
           ^^^^^^^^
_ _ _ _ _ _ _ _ _ _ _ _ _ _ _ _ _ _ _ _ _ _ _ _ _ _ _ _ _ _ _ _ _ _ _ _ _ _ _ _

self = &lt;encodings.cp1252.IncrementalDecoder object at 0x0000020F7D15DE50&gt;
input = b'"""Plantilla HTML del ticket de venta.\n\nReemplaza `core/engines/template_engine.py`, borrado. El formato de los\nm...            f\'&lt;td class="num"&gt;{_money(item.get("total"))}&lt;/td&gt;&lt;/tr&gt;\'\n            )\n        return "".join(filas)\n'
final = True

    def decode(self, input, final=False):
&gt;       return codecs.charmap_decode(input,self.errors,decoding_table)[0]
               ^^^^^^^^^^^^^^^^^^^^^^^^^^^^^^^^^^^^^^^^^^^^^^^^^^^^^^^
E       UnicodeDecodeError: 'charmap' codec can't decode byte 0x8d in position 1012: character maps to &lt;undefined&gt;

..\..\..\AppData\Local\Programs\Python\Python313\Lib\encodings\cp1252.py:23: UnicodeDecodeError</failure></testcase><testcase classname="tests.architecture.test_transfers_request_use_cases_are_canonical" name="test_transfer_request_use_cases_do_not_import_database_or_inventory_gateways" time="0.027" /><testcase classname="tests.architecture.test_transfers_request_use_cases_are_canonical" name="test_transfer_request_use_cases_validate_granular_request_permissions" time="0.008" /><testcase classname="tests.architecture.test_transfers_return_catalogs_are_closed" name="test_transfer_return_reason_and_status_catalogs_are_closed" time="0.004" /><testcase classname="tests.architecture.test_transfers_schema_is_migration_owned" name="test_transfers_schema_is_registered_by_the_single_canonical_migration" time="0.004" /><testcase classname="tests.architecture.test_transfers_security_is_backend_only" name="test_transfers_security_is_defined_outside_frontend_and_uses_granular_permissions" time="0.004" /><testcase classname="tests.architecture.test_transfers_sidebar_is_canonical" name="test_transfers_sidebar_has_no_database_or_legacy_ui_dependencies" time="0.003" /><testcase classname="tests.architecture.test_transfers_suggestions_are_application_owned" name="test_transfer_suggestions_have_no_ui_sql_or_legacy_engine_dependency" time="0.008" /><testcase classname="tests.architecture.test_transfers_ui_uses_design_system" name="test_transfers_ui_has_no_database_inline_style_or_legacy_widget_access" time="0.018" /><testcase classname="tests.architecture.test_transfers_ui_uses_design_system" name="test_transfers_ui_uses_canonical_components_and_routes" time="0.023"><failure message="FileNotFoundError: [Errno 2] No such file or directory: 'pos_spj_v13.4\\frontend\\desktop\\modules\\transfers\\transfers_routes.py'">def test_transfers_ui_uses_canonical_components_and_routes():
        source = _source()
        for component in ("PageHeader", "KPIBar", "StandardTable", "FormDialog",
                          "DecimalInput", "BarcodeInput", "HtmlChartView", "ChartCard"):
            assert component in source
&gt;       assert "return None" not in Path(
            "pos_spj_v13.4/frontend/desktop/modules/transfers/transfers_routes.py").read_text()

tests\architecture\test_transfers_ui_uses_design_system.py:22: 
_ _ _ _ _ _ _ _ _ _ _ _ _ _ _ _ _ _ _ _ _ _ _ _ _ _ _ _ _ _ _ _ _ _ _ _ _ _ _ _
..\..\..\AppData\Local\Programs\Python\Python313\Lib\pathlib\_local.py:546: in read_text
    return PathBase.read_text(self, encoding, errors, newline)
           ^^^^^^^^^^^^^^^^^^^^^^^^^^^^^^^^^^^^^^^^^^^^^^^^^^^
..\..\..\AppData\Local\Programs\Python\Python313\Lib\pathlib\_abc.py:632: in read_text
    with self.open(mode='r', encoding=encoding, errors=errors, newline=newline) as f:
         ^^^^^^^^^^^^^^^^^^^^^^^^^^^^^^^^^^^^^^^^^^^^^^^^^^^^^^^^^^^^^^^^^^^^^^
_ _ _ _ _ _ _ _ _ _ _ _ _ _ _ _ _ _ _ _ _ _ _ _ _ _ _ _ _ _ _ _ _ _ _ _ _ _ _ _

self = WindowsPath('pos_spj_v13.4/frontend/desktop/modules/transfers/transfers_routes.py')
mode = 'r', buffering = -1, encoding = 'locale', errors = None, newline = None

    def open(self, mode='r', buffering=-1, encoding=None,
             errors=None, newline=None):
        """
        Open the file pointed to by this path and return a file object, as
        the built-in open() function does.
        """
        if "b" not in mode:
            encoding = io.text_encoding(encoding)
&gt;       return io.open(self, mode, buffering, encoding, errors, newline)
               ^^^^^^^^^^^^^^^^^^^^^^^^^^^^^^^^^^^^^^^^^^^^^^^^^^^^^^^^^
E       FileNotFoundError: [Errno 2] No such file or directory: 'pos_spj_v13.4\\frontend\\desktop\\modules\\transfers\\transfers_routes.py'

..\..\..\AppData\Local\Programs\Python\Python313\Lib\pathlib\_local.py:537: FileNotFoundError</failure></testcase><testcase classname="tests.architecture.test_transfers_use_decimal" name="test_transfers_domain_has_no_float_quantities" time="0.025" /><testcase classname="tests.architecture.test_uuid_cutover_engine_robustness" name="test_expression_default_is_reparenthesized" time="0.005" /><testcase classname="tests.architecture.test_uuid_cutover_engine_robustness" name="test_zero_sentinel_fk_becomes_null_not_orphan" time="0.005" /><testcase classname="tests.architecture.test_uuid_cutover_engine_robustness" name="test_text_fk_resolves_to_integer_parent_pk" time="0.005" /><testcase classname="tests.architecture.test_uuid_cutover_migration_gated" name="test_200_is_not_registered_in_engine" time="0.003" /><testcase classname="tests.architecture.test_uuid_cutover_migration_gated" name="test_200_refuses_without_confirmation" time="0.014" /><testcase classname="tests.architecture.test_uuid_cutover_migration_gated" name="test_200_refuses_when_spec_incomplete" time="0.003" /><testcase classname="tests.architecture.test_uuid_cutover_migration_gated" name="test_generated_spec_is_referentially_closed" time="0.003" /><testcase classname="tests.architecture.test_uuid_cutover_migration_gated" name="test_generated_spec_has_no_duplicate_tables" time="0.002" /><testcase classname="tests.architecture.test_uuid_identity_guard" name="test_find_integer_pks_flags_domain_tables_only" time="0.003" /><testcase classname="tests.architecture.test_uuid_identity_guard" name="test_assert_uuid_identity_raises_on_uncut_db" time="0.003" /><testcase classname="tests.architecture.test_uuid_identity_guard" name="test_assert_uuid_identity_passes_after_cut" time="0.009" /><testcase classname="tests.architecture.test_uuid_identity_guard" name="test_assert_uuid_identity_passes_on_text_id_schema" time="0.003" /><testcase classname="tests.architecture.test_uuidv7_cutover_protection" name="test_new_uuid_returns_canonical_lowercase_uuidv7_string" time="0.005" /><testcase classname="tests.architecture.test_uuidv7_cutover_protection" name="test_new_uuid_fallback_returns_uuidv7_when_runtime_lacks_uuid7" time="0.005" /><testcase classname="tests.architecture.test_uuidv7_cutover_protection" name="test_new_uuid_generates_unique_values_offline" time="0.016" /><testcase classname="tests.architecture.test_uuidv7_cutover_protection" name="test_uuidv7_cutover_forbidden_identity_patterns_do_not_increase" time="19.305"><failure message="AssertionError: assert not {'legacy_id': {'baseline': 2, 'current': 6}}">def test_uuidv7_cutover_forbidden_identity_patterns_do_not_increase():
        counts = {name: 0 for name in FORBIDDEN_IDENTITY_PATTERNS}
        for path in _iter_monitored_sources():
            content = path.read_text(encoding="utf-8", errors="ignore")
            for name, pattern in FORBIDDEN_IDENTITY_PATTERNS.items():
                counts[name] += len(pattern.findall(content))
    
        regressions = {
            name: {"baseline": FORBIDDEN_IDENTITY_BASELINE[name], "current": current}
            for name, current in counts.items()
            if current &gt; FORBIDDEN_IDENTITY_BASELINE[name]
        }
&gt;       assert not regressions
E       AssertionError: assert not {'legacy_id': {'baseline': 2, 'current': 6}}

tests\architecture\test_uuidv7_cutover_protection.py:98: AssertionError</failure></testcase><testcase classname="tests.architecture.test_uuidv7_relationship_cutover" name="test_generated_spec_documents_canonical_relationships" time="0.002" /><testcase classname="tests.architecture.test_uuidv7_relationship_cutover" name="test_card_assignment_does_not_reference_card_batches" time="0.002" /><testcase classname="tests.architecture.test_uuidv7_relationship_cutover" name="test_no_turnos_table_created" time="0.002" /><testcase classname="tests.architecture.test_uuidv7_relationship_cutover" name="test_ticket_id_parent_is_ventas_not_legacy_tickets" time="0.005" /><testcase classname="tests.architecture.test_uuidv7_relationship_cutover" name="test_relationship_cutover_yields_uuid_fks_and_fk_check_passes" time="0.027" /><testcase classname="tests.architecture.test_uuidv7_relationship_cutover" name="test_report_orphans_flags_broken_reference" time="0.004" /><testcase classname="tests.architecture.test_x_cut_boundaries.XCutBoundaryTests" name="test_sensitive_visibility_is_permission_guarded" time="0.006" /><testcase classname="tests.architecture.test_x_cut_boundaries.XCutBoundaryTests" name="test_x_cut_use_case_uses_print_port_and_never_closes_shift" time="0.006" /><testcase classname="tests.architecture.test_yield_alert_contract" name="test_yield_alert_schema_and_event_are_canonical" time="0.003" /><testcase classname="tests.architecture.test_yield_alert_contract" name="test_yield_calculation_has_no_float_or_sql" time="0.008" /><testcase classname="tests.architecture.test_yield_alert_contract" name="test_yield_reads_are_exposed_through_query_service" time="0.005" /><testcase classname="tests.architecture.test_z_cut_atomic_boundary.ZCutAtomicBoundaryTests" name="test_final_z_cut_closes_only_after_pending_validation" time="0.003" /><testcase classname="tests.architecture.test_z_cut_atomic_boundary.ZCutAtomicBoundaryTests" name="test_finalization_uses_one_cash_uow_and_ports_for_outputs" time="0.003" /></testsuite></testsuites>